Analysis & Synthesis report for tone_generator
Thu Oct 20 16:55:04 2022
Quartus Prime Version 20.1.1 Build 720 11/11/2020 SJ Lite Edition


---------------------
; Table of Contents ;
---------------------
  1. Legal Notice
  2. Analysis & Synthesis Summary
  3. Analysis & Synthesis Settings
  4. Parallel Compilation
  5. Analysis & Synthesis Source Files Read
  6. Analysis & Synthesis Resource Usage Summary
  7. Analysis & Synthesis Resource Utilization by Entity
  8. Registers Removed During Synthesis
  9. General Register Statistics
 10. Inverted Register Statistics
 11. Post-Synthesis Netlist Statistics for Top Partition
 12. Elapsed Time Per Partition
 13. Analysis & Synthesis Messages



----------------
; Legal Notice ;
----------------
Copyright (C) 2020  Intel Corporation. All rights reserved.
Your use of Intel Corporation's design tools, logic functions 
and other software and tools, and any partner logic 
functions, and any output files from any of the foregoing 
(including device programming or simulation files), and any 
associated documentation or information are expressly subject 
to the terms and conditions of the Intel Program License 
Subscription Agreement, the Intel Quartus Prime License Agreement,
the Intel FPGA IP License Agreement, or other applicable license
agreement, including, without limitation, that your use is for
the sole purpose of programming logic devices manufactured by
Intel and sold by Intel or its authorized distributors.  Please
refer to the applicable agreement for further details, at
https://fpgasoftware.intel.com/eula.



+----------------------------------------------------------------------------------+
; Analysis & Synthesis Summary                                                     ;
+------------------------------------+---------------------------------------------+
; Analysis & Synthesis Status        ; Successful - Thu Oct 20 16:55:04 2022       ;
; Quartus Prime Version              ; 20.1.1 Build 720 11/11/2020 SJ Lite Edition ;
; Revision Name                      ; tone_generator                              ;
; Top-level Entity Name              ; tone_generator                              ;
; Family                             ; MAX 10                                      ;
; Total logic elements               ; 428                                         ;
;     Total combinational functions  ; 428                                         ;
;     Dedicated logic registers      ; 254                                         ;
; Total registers                    ; 254                                         ;
; Total pins                         ; 18                                          ;
; Total virtual pins                 ; 0                                           ;
; Total memory bits                  ; 0                                           ;
; Embedded Multiplier 9-bit elements ; 0                                           ;
; Total PLLs                         ; 0                                           ;
; UFM blocks                         ; 0                                           ;
; ADC blocks                         ; 0                                           ;
+------------------------------------+---------------------------------------------+


+------------------------------------------------------------------------------------------------------------+
; Analysis & Synthesis Settings                                                                              ;
+------------------------------------------------------------------+--------------------+--------------------+
; Option                                                           ; Setting            ; Default Value      ;
+------------------------------------------------------------------+--------------------+--------------------+
; Device                                                           ; 10M25SAE144C8G     ;                    ;
; Top-level entity name                                            ; tone_generator     ; tone_generator     ;
; Family name                                                      ; MAX 10             ; Cyclone V          ;
; Use smart compilation                                            ; Off                ; Off                ;
; Enable parallel Assembler and Timing Analyzer during compilation ; On                 ; On                 ;
; Enable compact report table                                      ; Off                ; Off                ;
; Restructure Multiplexers                                         ; Auto               ; Auto               ;
; Create Debugging Nodes for IP Cores                              ; Off                ; Off                ;
; Preserve fewer node names                                        ; On                 ; On                 ;
; Intel FPGA IP Evaluation Mode                                    ; Enable             ; Enable             ;
; Verilog Version                                                  ; Verilog_2001       ; Verilog_2001       ;
; VHDL Version                                                     ; VHDL_1993          ; VHDL_1993          ;
; State Machine Processing                                         ; Auto               ; Auto               ;
; Safe State Machine                                               ; Off                ; Off                ;
; Extract Verilog State Machines                                   ; On                 ; On                 ;
; Extract VHDL State Machines                                      ; On                 ; On                 ;
; Ignore Verilog initial constructs                                ; Off                ; Off                ;
; Iteration limit for constant Verilog loops                       ; 5000               ; 5000               ;
; Iteration limit for non-constant Verilog loops                   ; 250                ; 250                ;
; Add Pass-Through Logic to Inferred RAMs                          ; On                 ; On                 ;
; Infer RAMs from Raw Logic                                        ; On                 ; On                 ;
; Parallel Synthesis                                               ; On                 ; On                 ;
; DSP Block Balancing                                              ; Auto               ; Auto               ;
; NOT Gate Push-Back                                               ; On                 ; On                 ;
; Power-Up Don't Care                                              ; On                 ; On                 ;
; Remove Redundant Logic Cells                                     ; Off                ; Off                ;
; Remove Duplicate Registers                                       ; On                 ; On                 ;
; Ignore CARRY Buffers                                             ; Off                ; Off                ;
; Ignore CASCADE Buffers                                           ; Off                ; Off                ;
; Ignore GLOBAL Buffers                                            ; Off                ; Off                ;
; Ignore ROW GLOBAL Buffers                                        ; Off                ; Off                ;
; Ignore LCELL Buffers                                             ; Off                ; Off                ;
; Ignore SOFT Buffers                                              ; On                 ; On                 ;
; Limit AHDL Integers to 32 Bits                                   ; Off                ; Off                ;
; Optimization Technique                                           ; Balanced           ; Balanced           ;
; Carry Chain Length                                               ; 70                 ; 70                 ;
; Auto Carry Chains                                                ; On                 ; On                 ;
; Auto Open-Drain Pins                                             ; On                 ; On                 ;
; Perform WYSIWYG Primitive Resynthesis                            ; Off                ; Off                ;
; Auto ROM Replacement                                             ; On                 ; On                 ;
; Auto RAM Replacement                                             ; On                 ; On                 ;
; Auto DSP Block Replacement                                       ; On                 ; On                 ;
; Auto Shift Register Replacement                                  ; Auto               ; Auto               ;
; Allow Shift Register Merging across Hierarchies                  ; Auto               ; Auto               ;
; Auto Clock Enable Replacement                                    ; On                 ; On                 ;
; Strict RAM Replacement                                           ; Off                ; Off                ;
; Allow Synchronous Control Signals                                ; On                 ; On                 ;
; Force Use of Synchronous Clear Signals                           ; Off                ; Off                ;
; Auto RAM Block Balancing                                         ; On                 ; On                 ;
; Auto RAM to Logic Cell Conversion                                ; Off                ; Off                ;
; Auto Resource Sharing                                            ; Off                ; Off                ;
; Allow Any RAM Size For Recognition                               ; Off                ; Off                ;
; Allow Any ROM Size For Recognition                               ; Off                ; Off                ;
; Allow Any Shift Register Size For Recognition                    ; Off                ; Off                ;
; Use LogicLock Constraints during Resource Balancing              ; On                 ; On                 ;
; Ignore translate_off and synthesis_off directives                ; Off                ; Off                ;
; Timing-Driven Synthesis                                          ; On                 ; On                 ;
; Report Parameter Settings                                        ; On                 ; On                 ;
; Report Source Assignments                                        ; On                 ; On                 ;
; Report Connectivity Checks                                       ; On                 ; On                 ;
; Ignore Maximum Fan-Out Assignments                               ; Off                ; Off                ;
; Synchronization Register Chain Length                            ; 2                  ; 2                  ;
; Power Optimization During Synthesis                              ; Normal compilation ; Normal compilation ;
; HDL message level                                                ; Level2             ; Level2             ;
; Suppress Register Optimization Related Messages                  ; Off                ; Off                ;
; Number of Removed Registers Reported in Synthesis Report         ; 5000               ; 5000               ;
; Number of Swept Nodes Reported in Synthesis Report               ; 5000               ; 5000               ;
; Number of Inverted Registers Reported in Synthesis Report        ; 100                ; 100                ;
; Clock MUX Protection                                             ; On                 ; On                 ;
; Auto Gated Clock Conversion                                      ; Off                ; Off                ;
; Block Design Naming                                              ; Auto               ; Auto               ;
; SDC constraint protection                                        ; Off                ; Off                ;
; Synthesis Effort                                                 ; Auto               ; Auto               ;
; Shift Register Replacement - Allow Asynchronous Clear Signal     ; On                 ; On                 ;
; Pre-Mapping Resynthesis Optimization                             ; Off                ; Off                ;
; Analysis & Synthesis Message Level                               ; Medium             ; Medium             ;
; Disable Register Merging Across Hierarchies                      ; Auto               ; Auto               ;
; Resource Aware Inference For Block RAM                           ; On                 ; On                 ;
+------------------------------------------------------------------+--------------------+--------------------+


+------------------------------------------+
; Parallel Compilation                     ;
+----------------------------+-------------+
; Processors                 ; Number      ;
+----------------------------+-------------+
; Number detected on machine ; 8           ;
; Maximum allowed            ; 4           ;
;                            ;             ;
; Average used               ; 1.00        ;
; Maximum used               ; 4           ;
;                            ;             ;
; Usage by Processor         ; % Time Used ;
;     Processor 1            ; 100.0%      ;
;     Processors 2-4         ;   0.0%      ;
+----------------------------+-------------+


+--------------------------------------------------------------------------------------------------------------------------------------------------------------------------------------------------------------------------------------+
; Analysis & Synthesis Source Files Read                                                                                                                                                                                               ;
+----------------------------------+-----------------+-----------------+-----------------------------------------------------------------------------------------------------------------------------------------------------+---------+
; File Name with User-Entered Path ; Used in Netlist ; File Type       ; File Name with Absolute Path                                                                                                                        ; Library ;
+----------------------------------+-----------------+-----------------+-----------------------------------------------------------------------------------------------------------------------------------------------------+---------+
; tone_generator.vhdl              ; yes             ; User VHDL File  ; G:/My Drive/Insti Material/03. Sem 3/01. EE214/EE214_DigitalLab/01. Experiments/10. Experiment 10 - Tone Generator/10.1 ToneGen/tone_generator.vhdl ;         ;
+----------------------------------+-----------------+-----------------+-----------------------------------------------------------------------------------------------------------------------------------------------------+---------+


+------------------------------------------------------------+
; Analysis & Synthesis Resource Usage Summary                ;
+---------------------------------------------+--------------+
; Resource                                    ; Usage        ;
+---------------------------------------------+--------------+
; Estimated Total logic elements              ; 428          ;
;                                             ;              ;
; Total combinational functions               ; 428          ;
; Logic element usage by number of LUT inputs ;              ;
;     -- 4 input functions                    ; 92           ;
;     -- 3 input functions                    ; 10           ;
;     -- <=2 input functions                  ; 326          ;
;                                             ;              ;
; Logic elements by mode                      ;              ;
;     -- normal mode                          ; 185          ;
;     -- arithmetic mode                      ; 243          ;
;                                             ;              ;
; Total registers                             ; 254          ;
;     -- Dedicated logic registers            ; 254          ;
;     -- I/O registers                        ; 0            ;
;                                             ;              ;
; I/O pins                                    ; 18           ;
;                                             ;              ;
; Embedded Multiplier 9-bit elements          ; 0            ;
;                                             ;              ;
; Maximum fan-out node                        ; clk_50~input ;
; Maximum fan-out                             ; 254          ;
; Total fan-out                               ; 1576         ;
; Average fan-out                             ; 2.19         ;
+---------------------------------------------+--------------+


+---------------------------------------------------------------------------------------------------------------------------------------------------------------------------------------------------------------------------------------+
; Analysis & Synthesis Resource Utilization by Entity                                                                                                                                                                                   ;
+----------------------------+---------------------+---------------------------+-------------+------------+--------------+---------+-----------+------+--------------+------------+---------------------+----------------+--------------+
; Compilation Hierarchy Node ; Combinational ALUTs ; Dedicated Logic Registers ; Memory Bits ; UFM Blocks ; DSP Elements ; DSP 9x9 ; DSP 18x18 ; Pins ; Virtual Pins ; ADC blocks ; Full Hierarchy Name ; Entity Name    ; Library Name ;
+----------------------------+---------------------+---------------------------+-------------+------------+--------------+---------+-----------+------+--------------+------------+---------------------+----------------+--------------+
; |tone_generator            ; 428 (428)           ; 254 (254)                 ; 0           ; 0          ; 0            ; 0       ; 0         ; 18   ; 0            ; 0          ; |tone_generator     ; tone_generator ; work         ;
+----------------------------+---------------------+---------------------------+-------------+------------+--------------+---------+-----------+------+--------------+------------+---------------------+----------------+--------------+
Note: For table entries with two numbers listed, the numbers in parentheses indicate the number of resources of the given type used by the specific entity alone. The numbers listed outside of parentheses indicate the total resources of the given type used by the specific entity and all of its sub-entities in the hierarchy.


+----------------------------------------------------------------+
; Registers Removed During Synthesis                             ;
+----------------------------------------+-----------------------+
; Register name                          ; Reason for Removal    ;
+----------------------------------------+-----------------------+
; count4[0]                              ; Merged with count0[0] ;
; count1[0]                              ; Merged with count0[0] ;
; count5[0]                              ; Merged with count0[0] ;
; count7[0]                              ; Merged with count0[0] ;
; count6[0]                              ; Merged with count0[0] ;
; count4[1]                              ; Merged with count0[1] ;
; count1[1]                              ; Merged with count0[1] ;
; count5[1]                              ; Merged with count0[1] ;
; count1[2]                              ; Merged with count0[2] ;
; count7[1]                              ; Merged with count0[1] ;
; Total Number of Removed Registers = 10 ;                       ;
+----------------------------------------+-----------------------+


+------------------------------------------------------+
; General Register Statistics                          ;
+----------------------------------------------+-------+
; Statistic                                    ; Value ;
+----------------------------------------------+-------+
; Total registers                              ; 254   ;
; Number of registers using Synchronous Clear  ; 0     ;
; Number of registers using Synchronous Load   ; 0     ;
; Number of registers using Asynchronous Clear ; 0     ;
; Number of registers using Asynchronous Load  ; 0     ;
; Number of registers using Clock Enable       ; 0     ;
; Number of registers using Preset             ; 0     ;
+----------------------------------------------+-------+


+--------------------------------------------------+
; Inverted Register Statistics                     ;
+----------------------------------------+---------+
; Inverted Register                      ; Fan out ;
+----------------------------------------+---------+
; count0[0]                              ; 8       ;
; count2[0]                              ; 2       ;
; count3[0]                              ; 2       ;
; Total number of inverted registers = 3 ;         ;
+----------------------------------------+---------+


+-----------------------------------------------------+
; Post-Synthesis Netlist Statistics for Top Partition ;
+-----------------------+-----------------------------+
; Type                  ; Count                       ;
+-----------------------+-----------------------------+
; boundary_port         ; 18                          ;
; cycloneiii_ff         ; 254                         ;
;     plain             ; 254                         ;
; cycloneiii_lcell_comb ; 428                         ;
;     arith             ; 243                         ;
;         2 data inputs ; 238                         ;
;         3 data inputs ; 5                           ;
;     normal            ; 185                         ;
;         1 data inputs ; 9                           ;
;         2 data inputs ; 79                          ;
;         3 data inputs ; 5                           ;
;         4 data inputs ; 92                          ;
;                       ;                             ;
; Max LUT depth         ; 5.00                        ;
; Average LUT depth     ; 3.60                        ;
+-----------------------+-----------------------------+


+-------------------------------+
; Elapsed Time Per Partition    ;
+----------------+--------------+
; Partition Name ; Elapsed Time ;
+----------------+--------------+
; Top            ; 00:00:00     ;
+----------------+--------------+


+-------------------------------+
; Analysis & Synthesis Messages ;
+-------------------------------+
Info: *******************************************************************
Info: Running Quartus Prime Analysis & Synthesis
    Info: Version 20.1.1 Build 720 11/11/2020 SJ Lite Edition
    Info: Processing started: Thu Oct 20 16:54:54 2022
Info: Command: quartus_map --read_settings_files=on --write_settings_files=off tone_generator -c tone_generator
Warning (18236): Number of processors has not been specified which may cause overloading on shared machines.  Set the global assignment NUM_PARALLEL_PROCESSORS in your QSF to an appropriate value for best performance.
Info (20030): Parallel compilation is enabled and will use 4 of the 4 processors detected
Info (12021): Found 2 design units, including 1 entities, in source file toplevel.vhdl
    Info (12022): Found design unit 1: TopLevel-Struct File: G:/My Drive/Insti Material/03. Sem 3/01. EE214/EE214_DigitalLab/01. Experiments/10. Experiment 10 - Tone Generator/10.1 ToneGen/TopLevel.vhdl Line: 13
    Info (12023): Found entity 1: TopLevel File: G:/My Drive/Insti Material/03. Sem 3/01. EE214/EE214_DigitalLab/01. Experiments/10. Experiment 10 - Tone Generator/10.1 ToneGen/TopLevel.vhdl Line: 5
Info (12021): Found 17 design units, including 8 entities, in source file gates.vhdl
    Info (12022): Found design unit 1: Gates File: G:/My Drive/Insti Material/03. Sem 3/01. EE214/EE214_DigitalLab/01. Experiments/10. Experiment 10 - Tone Generator/10.1 ToneGen/Gates.vhdl Line: 3
    Info (12022): Found design unit 2: INVERTER-Equations File: G:/My Drive/Insti Material/03. Sem 3/01. EE214/EE214_DigitalLab/01. Experiments/10. Experiment 10 - Tone Generator/10.1 ToneGen/Gates.vhdl Line: 45
    Info (12022): Found design unit 3: AND_2-Equations File: G:/My Drive/Insti Material/03. Sem 3/01. EE214/EE214_DigitalLab/01. Experiments/10. Experiment 10 - Tone Generator/10.1 ToneGen/Gates.vhdl Line: 57
    Info (12022): Found design unit 4: NAND_2-Equations File: G:/My Drive/Insti Material/03. Sem 3/01. EE214/EE214_DigitalLab/01. Experiments/10. Experiment 10 - Tone Generator/10.1 ToneGen/Gates.vhdl Line: 68
    Info (12022): Found design unit 5: OR_2-Equations File: G:/My Drive/Insti Material/03. Sem 3/01. EE214/EE214_DigitalLab/01. Experiments/10. Experiment 10 - Tone Generator/10.1 ToneGen/Gates.vhdl Line: 79
    Info (12022): Found design unit 6: NOR_2-Equations File: G:/My Drive/Insti Material/03. Sem 3/01. EE214/EE214_DigitalLab/01. Experiments/10. Experiment 10 - Tone Generator/10.1 ToneGen/Gates.vhdl Line: 90
    Info (12022): Found design unit 7: XOR_2-Equations File: G:/My Drive/Insti Material/03. Sem 3/01. EE214/EE214_DigitalLab/01. Experiments/10. Experiment 10 - Tone Generator/10.1 ToneGen/Gates.vhdl Line: 102
    Info (12022): Found design unit 8: XNOR_2-Equations File: G:/My Drive/Insti Material/03. Sem 3/01. EE214/EE214_DigitalLab/01. Experiments/10. Experiment 10 - Tone Generator/10.1 ToneGen/Gates.vhdl Line: 113
    Info (12022): Found design unit 9: HALF_ADDER-Equations File: G:/My Drive/Insti Material/03. Sem 3/01. EE214/EE214_DigitalLab/01. Experiments/10. Experiment 10 - Tone Generator/10.1 ToneGen/Gates.vhdl Line: 124
    Info (12023): Found entity 1: INVERTER File: G:/My Drive/Insti Material/03. Sem 3/01. EE214/EE214_DigitalLab/01. Experiments/10. Experiment 10 - Tone Generator/10.1 ToneGen/Gates.vhdl Line: 41
    Info (12023): Found entity 2: AND_2 File: G:/My Drive/Insti Material/03. Sem 3/01. EE214/EE214_DigitalLab/01. Experiments/10. Experiment 10 - Tone Generator/10.1 ToneGen/Gates.vhdl Line: 53
    Info (12023): Found entity 3: NAND_2 File: G:/My Drive/Insti Material/03. Sem 3/01. EE214/EE214_DigitalLab/01. Experiments/10. Experiment 10 - Tone Generator/10.1 ToneGen/Gates.vhdl Line: 64
    Info (12023): Found entity 4: OR_2 File: G:/My Drive/Insti Material/03. Sem 3/01. EE214/EE214_DigitalLab/01. Experiments/10. Experiment 10 - Tone Generator/10.1 ToneGen/Gates.vhdl Line: 75
    Info (12023): Found entity 5: NOR_2 File: G:/My Drive/Insti Material/03. Sem 3/01. EE214/EE214_DigitalLab/01. Experiments/10. Experiment 10 - Tone Generator/10.1 ToneGen/Gates.vhdl Line: 86
    Info (12023): Found entity 6: XOR_2 File: G:/My Drive/Insti Material/03. Sem 3/01. EE214/EE214_DigitalLab/01. Experiments/10. Experiment 10 - Tone Generator/10.1 ToneGen/Gates.vhdl Line: 98
    Info (12023): Found entity 7: XNOR_2 File: G:/My Drive/Insti Material/03. Sem 3/01. EE214/EE214_DigitalLab/01. Experiments/10. Experiment 10 - Tone Generator/10.1 ToneGen/Gates.vhdl Line: 109
    Info (12023): Found entity 8: HALF_ADDER File: G:/My Drive/Insti Material/03. Sem 3/01. EE214/EE214_DigitalLab/01. Experiments/10. Experiment 10 - Tone Generator/10.1 ToneGen/Gates.vhdl Line: 120
Info (12021): Found 2 design units, including 1 entities, in source file tone_generator.vhdl
    Info (12022): Found design unit 1: tone_generator-bhv File: G:/My Drive/Insti Material/03. Sem 3/01. EE214/EE214_DigitalLab/01. Experiments/10. Experiment 10 - Tone Generator/10.1 ToneGen/tone_generator.vhdl Line: 12
    Info (12023): Found entity 1: tone_generator File: G:/My Drive/Insti Material/03. Sem 3/01. EE214/EE214_DigitalLab/01. Experiments/10. Experiment 10 - Tone Generator/10.1 ToneGen/tone_generator.vhdl Line: 5
Info (12021): Found 2 design units, including 1 entities, in source file dut.vhdl
    Info (12022): Found design unit 1: DUT-DutWrap File: G:/My Drive/Insti Material/03. Sem 3/01. EE214/EE214_DigitalLab/01. Experiments/10. Experiment 10 - Tone Generator/10.1 ToneGen/DUT.vhdl Line: 12
    Info (12023): Found entity 1: DUT File: G:/My Drive/Insti Material/03. Sem 3/01. EE214/EE214_DigitalLab/01. Experiments/10. Experiment 10 - Tone Generator/10.1 ToneGen/DUT.vhdl Line: 7
Info (12021): Found 2 design units, including 1 entities, in source file tone_generator_tb.vhd
    Info (12022): Found design unit 1: tone_generator_tb-bhv File: G:/My Drive/Insti Material/03. Sem 3/01. EE214/EE214_DigitalLab/01. Experiments/10. Experiment 10 - Tone Generator/10.1 ToneGen/tone_generator_tb.vhd Line: 7
    Info (12023): Found entity 1: tone_generator_tb File: G:/My Drive/Insti Material/03. Sem 3/01. EE214/EE214_DigitalLab/01. Experiments/10. Experiment 10 - Tone Generator/10.1 ToneGen/tone_generator_tb.vhd Line: 4
Info (12021): Found 2 design units, including 1 entities, in source file mydff.vhd
    Info (12022): Found design unit 1: mydff-eq File: G:/My Drive/Insti Material/03. Sem 3/01. EE214/EE214_DigitalLab/01. Experiments/10. Experiment 10 - Tone Generator/10.1 ToneGen/mydff.vhd Line: 11
    Info (12023): Found entity 1: mydff File: G:/My Drive/Insti Material/03. Sem 3/01. EE214/EE214_DigitalLab/01. Experiments/10. Experiment 10 - Tone Generator/10.1 ToneGen/mydff.vhd Line: 4
Info (12021): Found 2 design units, including 1 entities, in source file fsm_struct.vhd
    Info (12022): Found design unit 1: fsm_struct-struct File: G:/My Drive/Insti Material/03. Sem 3/01. EE214/EE214_DigitalLab/01. Experiments/10. Experiment 10 - Tone Generator/10.1 ToneGen/fsm_struct.vhd Line: 16
    Info (12023): Found entity 1: fsm_struct File: G:/My Drive/Insti Material/03. Sem 3/01. EE214/EE214_DigitalLab/01. Experiments/10. Experiment 10 - Tone Generator/10.1 ToneGen/fsm_struct.vhd Line: 6
Info (12021): Found 2 design units, including 1 entities, in source file fsm_behav.vhd
    Info (12022): Found design unit 1: fsm_behav-behav File: G:/My Drive/Insti Material/03. Sem 3/01. EE214/EE214_DigitalLab/01. Experiments/10. Experiment 10 - Tone Generator/10.1 ToneGen/fsm_behav.vhd Line: 13
    Info (12023): Found entity 1: fsm_behav File: G:/My Drive/Insti Material/03. Sem 3/01. EE214/EE214_DigitalLab/01. Experiments/10. Experiment 10 - Tone Generator/10.1 ToneGen/fsm_behav.vhd Line: 5
Info (12127): Elaborating entity "tone_generator" for the top level hierarchy
Warning (10492): VHDL Process Statement warning at tone_generator.vhdl(64): signal "switch" is read inside the Process Statement but isn't in the Process Statement's sensitivity list File: G:/My Drive/Insti Material/03. Sem 3/01. EE214/EE214_DigitalLab/01. Experiments/10. Experiment 10 - Tone Generator/10.1 ToneGen/tone_generator.vhdl Line: 64
Warning (10492): VHDL Process Statement warning at tone_generator.vhdl(67): signal "clk_out_temp" is read inside the Process Statement but isn't in the Process Statement's sensitivity list File: G:/My Drive/Insti Material/03. Sem 3/01. EE214/EE214_DigitalLab/01. Experiments/10. Experiment 10 - Tone Generator/10.1 ToneGen/tone_generator.vhdl Line: 67
Warning (10492): VHDL Process Statement warning at tone_generator.vhdl(68): signal "switch" is read inside the Process Statement but isn't in the Process Statement's sensitivity list File: G:/My Drive/Insti Material/03. Sem 3/01. EE214/EE214_DigitalLab/01. Experiments/10. Experiment 10 - Tone Generator/10.1 ToneGen/tone_generator.vhdl Line: 68
Warning (10492): VHDL Process Statement warning at tone_generator.vhdl(69): signal "clk_out_temp" is read inside the Process Statement but isn't in the Process Statement's sensitivity list File: G:/My Drive/Insti Material/03. Sem 3/01. EE214/EE214_DigitalLab/01. Experiments/10. Experiment 10 - Tone Generator/10.1 ToneGen/tone_generator.vhdl Line: 69
Warning (10492): VHDL Process Statement warning at tone_generator.vhdl(72): signal "switch" is read inside the Process Statement but isn't in the Process Statement's sensitivity list File: G:/My Drive/Insti Material/03. Sem 3/01. EE214/EE214_DigitalLab/01. Experiments/10. Experiment 10 - Tone Generator/10.1 ToneGen/tone_generator.vhdl Line: 72
Warning (10492): VHDL Process Statement warning at tone_generator.vhdl(73): signal "clk_out_temp" is read inside the Process Statement but isn't in the Process Statement's sensitivity list File: G:/My Drive/Insti Material/03. Sem 3/01. EE214/EE214_DigitalLab/01. Experiments/10. Experiment 10 - Tone Generator/10.1 ToneGen/tone_generator.vhdl Line: 73
Warning (10492): VHDL Process Statement warning at tone_generator.vhdl(76): signal "switch" is read inside the Process Statement but isn't in the Process Statement's sensitivity list File: G:/My Drive/Insti Material/03. Sem 3/01. EE214/EE214_DigitalLab/01. Experiments/10. Experiment 10 - Tone Generator/10.1 ToneGen/tone_generator.vhdl Line: 76
Warning (10492): VHDL Process Statement warning at tone_generator.vhdl(77): signal "clk_out_temp" is read inside the Process Statement but isn't in the Process Statement's sensitivity list File: G:/My Drive/Insti Material/03. Sem 3/01. EE214/EE214_DigitalLab/01. Experiments/10. Experiment 10 - Tone Generator/10.1 ToneGen/tone_generator.vhdl Line: 77
Warning (10492): VHDL Process Statement warning at tone_generator.vhdl(80): signal "switch" is read inside the Process Statement but isn't in the Process Statement's sensitivity list File: G:/My Drive/Insti Material/03. Sem 3/01. EE214/EE214_DigitalLab/01. Experiments/10. Experiment 10 - Tone Generator/10.1 ToneGen/tone_generator.vhdl Line: 80
Warning (10492): VHDL Process Statement warning at tone_generator.vhdl(81): signal "clk_out_temp" is read inside the Process Statement but isn't in the Process Statement's sensitivity list File: G:/My Drive/Insti Material/03. Sem 3/01. EE214/EE214_DigitalLab/01. Experiments/10. Experiment 10 - Tone Generator/10.1 ToneGen/tone_generator.vhdl Line: 81
Warning (10492): VHDL Process Statement warning at tone_generator.vhdl(84): signal "switch" is read inside the Process Statement but isn't in the Process Statement's sensitivity list File: G:/My Drive/Insti Material/03. Sem 3/01. EE214/EE214_DigitalLab/01. Experiments/10. Experiment 10 - Tone Generator/10.1 ToneGen/tone_generator.vhdl Line: 84
Warning (10492): VHDL Process Statement warning at tone_generator.vhdl(85): signal "clk_out_temp" is read inside the Process Statement but isn't in the Process Statement's sensitivity list File: G:/My Drive/Insti Material/03. Sem 3/01. EE214/EE214_DigitalLab/01. Experiments/10. Experiment 10 - Tone Generator/10.1 ToneGen/tone_generator.vhdl Line: 85
Warning (10492): VHDL Process Statement warning at tone_generator.vhdl(88): signal "switch" is read inside the Process Statement but isn't in the Process Statement's sensitivity list File: G:/My Drive/Insti Material/03. Sem 3/01. EE214/EE214_DigitalLab/01. Experiments/10. Experiment 10 - Tone Generator/10.1 ToneGen/tone_generator.vhdl Line: 88
Warning (10492): VHDL Process Statement warning at tone_generator.vhdl(89): signal "clk_out_temp" is read inside the Process Statement but isn't in the Process Statement's sensitivity list File: G:/My Drive/Insti Material/03. Sem 3/01. EE214/EE214_DigitalLab/01. Experiments/10. Experiment 10 - Tone Generator/10.1 ToneGen/tone_generator.vhdl Line: 89
Warning (10492): VHDL Process Statement warning at tone_generator.vhdl(92): signal "switch" is read inside the Process Statement but isn't in the Process Statement's sensitivity list File: G:/My Drive/Insti Material/03. Sem 3/01. EE214/EE214_DigitalLab/01. Experiments/10. Experiment 10 - Tone Generator/10.1 ToneGen/tone_generator.vhdl Line: 92
Warning (10492): VHDL Process Statement warning at tone_generator.vhdl(93): signal "clk_out_temp" is read inside the Process Statement but isn't in the Process Statement's sensitivity list File: G:/My Drive/Insti Material/03. Sem 3/01. EE214/EE214_DigitalLab/01. Experiments/10. Experiment 10 - Tone Generator/10.1 ToneGen/tone_generator.vhdl Line: 93
Info (286030): Timing-Driven Synthesis is running
Info (16010): Generating hard_block partition "hard_block:auto_generated_inst"
    Info (16011): Adding 0 node(s), including 0 DDIO, 0 PLL, 0 transceiver and 0 LCELL
Info (21057): Implemented 446 device resources after synthesis - the final resource count might be different
    Info (21058): Implemented 9 input pins
    Info (21059): Implemented 9 output pins
    Info (21061): Implemented 428 logic cells
Info: Quartus Prime Analysis & Synthesis was successful. 0 errors, 17 warnings
    Info: Peak virtual memory: 4785 megabytes
    Info: Processing ended: Thu Oct 20 16:55:04 2022
    Info: Elapsed time: 00:00:10
    Info: Total CPU time (on all processors): 00:00:17


