Analysis & Synthesis report for num_sub
Fri Aug 26 16:05:05 2022
Quartus Prime Version 20.1.1 Build 720 11/11/2020 SJ Lite Edition


---------------------
; Table of Contents ;
---------------------
  1. Legal Notice
  2. Analysis & Synthesis Summary
  3. Analysis & Synthesis Settings
  4. Parallel Compilation
  5. Analysis & Synthesis Source Files Read
  6. Analysis & Synthesis Resource Usage Summary
  7. Analysis & Synthesis Resource Utilization by Entity
  8. General Register Statistics
  9. Port Connectivity Checks: "num_sub:add_instance|AND_2:And10"
 10. Port Connectivity Checks: "num_sub:add_instance|bit4_add_sub:bas4"
 11. Port Connectivity Checks: "num_sub:add_instance|AND_2:A10"
 12. Port Connectivity Checks: "num_sub:add_instance|AND_2:And9"
 13. Port Connectivity Checks: "num_sub:add_instance|AND_2:And8"
 14. Port Connectivity Checks: "num_sub:add_instance|AND_2:And7"
 15. Port Connectivity Checks: "num_sub:add_instance|bit4_add_sub:bas3"
 16. Port Connectivity Checks: "num_sub:add_instance|AND_2:And6"
 17. Port Connectivity Checks: "num_sub:add_instance|AND_2:And5"
 18. Port Connectivity Checks: "num_sub:add_instance|AND_2:And4"
 19. Port Connectivity Checks: "num_sub:add_instance|AND_2:And3"
 20. Port Connectivity Checks: "num_sub:add_instance|bit4_add_sub:bas2"
 21. Port Connectivity Checks: "num_sub:add_instance|bit4_add_sub:bas1"
 22. Post-Synthesis Netlist Statistics for Top Partition
 23. Elapsed Time Per Partition
 24. Analysis & Synthesis Messages



----------------
; Legal Notice ;
----------------
Copyright (C) 2020  Intel Corporation. All rights reserved.
Your use of Intel Corporation's design tools, logic functions 
and other software and tools, and any partner logic 
functions, and any output files from any of the foregoing 
(including device programming or simulation files), and any 
associated documentation or information are expressly subject 
to the terms and conditions of the Intel Program License 
Subscription Agreement, the Intel Quartus Prime License Agreement,
the Intel FPGA IP License Agreement, or other applicable license
agreement, including, without limitation, that your use is for
the sole purpose of programming logic devices manufactured by
Intel and sold by Intel or its authorized distributors.  Please
refer to the applicable agreement for further details, at
https://fpgasoftware.intel.com/eula.



+----------------------------------------------------------------------------------+
; Analysis & Synthesis Summary                                                     ;
+------------------------------------+---------------------------------------------+
; Analysis & Synthesis Status        ; Successful - Fri Aug 26 16:05:05 2022       ;
; Quartus Prime Version              ; 20.1.1 Build 720 11/11/2020 SJ Lite Edition ;
; Revision Name                      ; num_sub                                     ;
; Top-level Entity Name              ; DUT                                         ;
; Family                             ; MAX 10                                      ;
; Total logic elements               ; 14                                          ;
;     Total combinational functions  ; 14                                          ;
;     Dedicated logic registers      ; 0                                           ;
; Total registers                    ; 0                                           ;
; Total pins                         ; 13                                          ;
; Total virtual pins                 ; 0                                           ;
; Total memory bits                  ; 0                                           ;
; Embedded Multiplier 9-bit elements ; 0                                           ;
; Total PLLs                         ; 0                                           ;
; UFM blocks                         ; 0                                           ;
; ADC blocks                         ; 0                                           ;
+------------------------------------+---------------------------------------------+


+------------------------------------------------------------------------------------------------------------+
; Analysis & Synthesis Settings                                                                              ;
+------------------------------------------------------------------+--------------------+--------------------+
; Option                                                           ; Setting            ; Default Value      ;
+------------------------------------------------------------------+--------------------+--------------------+
; Device                                                           ; 10M25SAE144C8G     ;                    ;
; Top-level entity name                                            ; DUT                ; num_sub            ;
; Family name                                                      ; MAX 10             ; Cyclone V          ;
; Use smart compilation                                            ; Off                ; Off                ;
; Enable parallel Assembler and Timing Analyzer during compilation ; On                 ; On                 ;
; Enable compact report table                                      ; Off                ; Off                ;
; Restructure Multiplexers                                         ; Auto               ; Auto               ;
; Create Debugging Nodes for IP Cores                              ; Off                ; Off                ;
; Preserve fewer node names                                        ; On                 ; On                 ;
; Intel FPGA IP Evaluation Mode                                    ; Enable             ; Enable             ;
; Verilog Version                                                  ; Verilog_2001       ; Verilog_2001       ;
; VHDL Version                                                     ; VHDL_1993          ; VHDL_1993          ;
; State Machine Processing                                         ; Auto               ; Auto               ;
; Safe State Machine                                               ; Off                ; Off                ;
; Extract Verilog State Machines                                   ; On                 ; On                 ;
; Extract VHDL State Machines                                      ; On                 ; On                 ;
; Ignore Verilog initial constructs                                ; Off                ; Off                ;
; Iteration limit for constant Verilog loops                       ; 5000               ; 5000               ;
; Iteration limit for non-constant Verilog loops                   ; 250                ; 250                ;
; Add Pass-Through Logic to Inferred RAMs                          ; On                 ; On                 ;
; Infer RAMs from Raw Logic                                        ; On                 ; On                 ;
; Parallel Synthesis                                               ; On                 ; On                 ;
; DSP Block Balancing                                              ; Auto               ; Auto               ;
; NOT Gate Push-Back                                               ; On                 ; On                 ;
; Power-Up Don't Care                                              ; On                 ; On                 ;
; Remove Redundant Logic Cells                                     ; Off                ; Off                ;
; Remove Duplicate Registers                                       ; On                 ; On                 ;
; Ignore CARRY Buffers                                             ; Off                ; Off                ;
; Ignore CASCADE Buffers                                           ; Off                ; Off                ;
; Ignore GLOBAL Buffers                                            ; Off                ; Off                ;
; Ignore ROW GLOBAL Buffers                                        ; Off                ; Off                ;
; Ignore LCELL Buffers                                             ; Off                ; Off                ;
; Ignore SOFT Buffers                                              ; On                 ; On                 ;
; Limit AHDL Integers to 32 Bits                                   ; Off                ; Off                ;
; Optimization Technique                                           ; Balanced           ; Balanced           ;
; Carry Chain Length                                               ; 70                 ; 70                 ;
; Auto Carry Chains                                                ; On                 ; On                 ;
; Auto Open-Drain Pins                                             ; On                 ; On                 ;
; Perform WYSIWYG Primitive Resynthesis                            ; Off                ; Off                ;
; Auto ROM Replacement                                             ; On                 ; On                 ;
; Auto RAM Replacement                                             ; On                 ; On                 ;
; Auto DSP Block Replacement                                       ; On                 ; On                 ;
; Auto Shift Register Replacement                                  ; Auto               ; Auto               ;
; Allow Shift Register Merging across Hierarchies                  ; Auto               ; Auto               ;
; Auto Clock Enable Replacement                                    ; On                 ; On                 ;
; Strict RAM Replacement                                           ; Off                ; Off                ;
; Allow Synchronous Control Signals                                ; On                 ; On                 ;
; Force Use of Synchronous Clear Signals                           ; Off                ; Off                ;
; Auto RAM Block Balancing                                         ; On                 ; On                 ;
; Auto RAM to Logic Cell Conversion                                ; Off                ; Off                ;
; Auto Resource Sharing                                            ; Off                ; Off                ;
; Allow Any RAM Size For Recognition                               ; Off                ; Off                ;
; Allow Any ROM Size For Recognition                               ; Off                ; Off                ;
; Allow Any Shift Register Size For Recognition                    ; Off                ; Off                ;
; Use LogicLock Constraints during Resource Balancing              ; On                 ; On                 ;
; Ignore translate_off and synthesis_off directives                ; Off                ; Off                ;
; Timing-Driven Synthesis                                          ; On                 ; On                 ;
; Report Parameter Settings                                        ; On                 ; On                 ;
; Report Source Assignments                                        ; On                 ; On                 ;
; Report Connectivity Checks                                       ; On                 ; On                 ;
; Ignore Maximum Fan-Out Assignments                               ; Off                ; Off                ;
; Synchronization Register Chain Length                            ; 2                  ; 2                  ;
; Power Optimization During Synthesis                              ; Normal compilation ; Normal compilation ;
; HDL message level                                                ; Level2             ; Level2             ;
; Suppress Register Optimization Related Messages                  ; Off                ; Off                ;
; Number of Removed Registers Reported in Synthesis Report         ; 5000               ; 5000               ;
; Number of Swept Nodes Reported in Synthesis Report               ; 5000               ; 5000               ;
; Number of Inverted Registers Reported in Synthesis Report        ; 100                ; 100                ;
; Clock MUX Protection                                             ; On                 ; On                 ;
; Auto Gated Clock Conversion                                      ; Off                ; Off                ;
; Block Design Naming                                              ; Auto               ; Auto               ;
; SDC constraint protection                                        ; Off                ; Off                ;
; Synthesis Effort                                                 ; Auto               ; Auto               ;
; Shift Register Replacement - Allow Asynchronous Clear Signal     ; On                 ; On                 ;
; Pre-Mapping Resynthesis Optimization                             ; Off                ; Off                ;
; Analysis & Synthesis Message Level                               ; Medium             ; Medium             ;
; Disable Register Merging Across Hierarchies                      ; Auto               ; Auto               ;
; Resource Aware Inference For Block RAM                           ; On                 ; On                 ;
+------------------------------------------------------------------+--------------------+--------------------+


+------------------------------------------+
; Parallel Compilation                     ;
+----------------------------+-------------+
; Processors                 ; Number      ;
+----------------------------+-------------+
; Number detected on machine ; 12          ;
; Maximum allowed            ; 12          ;
;                            ;             ;
; Average used               ; 1.00        ;
; Maximum used               ; 1           ;
;                            ;             ;
; Usage by Processor         ; % Time Used ;
;     Processor 1            ; 100.0%      ;
+----------------------------+-------------+


+------------------------------------------------------------------------------------------------------------------------------------+
; Analysis & Synthesis Source Files Read                                                                                             ;
+----------------------------------+-----------------+-----------------+---------------------------------------------------+---------+
; File Name with User-Entered Path ; Used in Netlist ; File Type       ; File Name with Absolute Path                      ; Library ;
+----------------------------------+-----------------+-----------------+---------------------------------------------------+---------+
; full_adder.vhdl                  ; yes             ; User VHDL File  ; C:/IITB 3rd Semester/EE214/Lab4/full_adder.vhdl   ;         ;
; bit4_add_sub.vhdl                ; yes             ; User VHDL File  ; C:/IITB 3rd Semester/EE214/Lab4/bit4_add_sub.vhdl ;         ;
; Gates.vhdl                       ; yes             ; User VHDL File  ; C:/IITB 3rd Semester/EE214/Lab4/Gates.vhdl        ;         ;
; DUT.vhdl                         ; yes             ; User VHDL File  ; C:/IITB 3rd Semester/EE214/Lab4/DUT.vhdl          ;         ;
; num_sub.vhdl                     ; yes             ; User VHDL File  ; C:/IITB 3rd Semester/EE214/Lab4/num_sub.vhdl      ;         ;
+----------------------------------+-----------------+-----------------+---------------------------------------------------+---------+


+---------------------------------------------------------------------+
; Analysis & Synthesis Resource Usage Summary                         ;
+---------------------------------------------+-----------------------+
; Resource                                    ; Usage                 ;
+---------------------------------------------+-----------------------+
; Estimated Total logic elements              ; 14                    ;
;                                             ;                       ;
; Total combinational functions               ; 14                    ;
; Logic element usage by number of LUT inputs ;                       ;
;     -- 4 input functions                    ; 11                    ;
;     -- 3 input functions                    ; 1                     ;
;     -- <=2 input functions                  ; 2                     ;
;                                             ;                       ;
; Logic elements by mode                      ;                       ;
;     -- normal mode                          ; 14                    ;
;     -- arithmetic mode                      ; 0                     ;
;                                             ;                       ;
; Total registers                             ; 0                     ;
;     -- Dedicated logic registers            ; 0                     ;
;     -- I/O registers                        ; 0                     ;
;                                             ;                       ;
; I/O pins                                    ; 13                    ;
;                                             ;                       ;
; Embedded Multiplier 9-bit elements          ; 0                     ;
;                                             ;                       ;
; Maximum fan-out node                        ; input_vector[0]~input ;
; Maximum fan-out                             ; 7                     ;
; Total fan-out                               ; 69                    ;
; Average fan-out                             ; 1.73                  ;
+---------------------------------------------+-----------------------+


+---------------------------------------------------------------------------------------------------------------------------------------------------------------------------------------------------------------------------------------------------------------------------------------------+
; Analysis & Synthesis Resource Utilization by Entity                                                                                                                                                                                                                                         ;
+------------------------------+---------------------+---------------------------+-------------+------------+--------------+---------+-----------+------+--------------+------------+---------------------------------------------------------------------------+--------------+--------------+
; Compilation Hierarchy Node   ; Combinational ALUTs ; Dedicated Logic Registers ; Memory Bits ; UFM Blocks ; DSP Elements ; DSP 9x9 ; DSP 18x18 ; Pins ; Virtual Pins ; ADC blocks ; Full Hierarchy Name                                                       ; Entity Name  ; Library Name ;
+------------------------------+---------------------+---------------------------+-------------+------------+--------------+---------+-----------+------+--------------+------------+---------------------------------------------------------------------------+--------------+--------------+
; |DUT                         ; 14 (0)              ; 0 (0)                     ; 0           ; 0          ; 0            ; 0       ; 0         ; 13   ; 0            ; 0          ; |DUT                                                                      ; DUT          ; work         ;
;    |num_sub:add_instance|    ; 14 (0)              ; 0 (0)                     ; 0           ; 0          ; 0            ; 0       ; 0         ; 0    ; 0            ; 0          ; |DUT|num_sub:add_instance                                                 ; num_sub      ; work         ;
;       |OR_2:O2|              ; 1 (1)               ; 0 (0)                     ; 0           ; 0          ; 0            ; 0       ; 0         ; 0    ; 0            ; 0          ; |DUT|num_sub:add_instance|OR_2:O2                                         ; OR_2         ; work         ;
;       |bit4_add_sub:bas1|    ; 2 (0)               ; 0 (0)                     ; 0           ; 0          ; 0            ; 0       ; 0         ; 0    ; 0            ; 0          ; |DUT|num_sub:add_instance|bit4_add_sub:bas1                               ; bit4_add_sub ; work         ;
;          |full_adder:FA1|    ; 1 (0)               ; 0 (0)                     ; 0           ; 0          ; 0            ; 0       ; 0         ; 0    ; 0            ; 0          ; |DUT|num_sub:add_instance|bit4_add_sub:bas1|full_adder:FA1                ; full_adder   ; work         ;
;             |OR_2:OR1|       ; 1 (1)               ; 0 (0)                     ; 0           ; 0          ; 0            ; 0       ; 0         ; 0    ; 0            ; 0          ; |DUT|num_sub:add_instance|bit4_add_sub:bas1|full_adder:FA1|OR_2:OR1       ; OR_2         ; work         ;
;          |full_adder:FA2|    ; 1 (0)               ; 0 (0)                     ; 0           ; 0          ; 0            ; 0       ; 0         ; 0    ; 0            ; 0          ; |DUT|num_sub:add_instance|bit4_add_sub:bas1|full_adder:FA2                ; full_adder   ; work         ;
;             |HALF_ADDER:HA2| ; 1 (1)               ; 0 (0)                     ; 0           ; 0          ; 0            ; 0       ; 0         ; 0    ; 0            ; 0          ; |DUT|num_sub:add_instance|bit4_add_sub:bas1|full_adder:FA2|HALF_ADDER:HA2 ; HALF_ADDER   ; work         ;
;       |bit4_add_sub:bas2|    ; 6 (0)               ; 0 (0)                     ; 0           ; 0          ; 0            ; 0       ; 0         ; 0    ; 0            ; 0          ; |DUT|num_sub:add_instance|bit4_add_sub:bas2                               ; bit4_add_sub ; work         ;
;          |full_adder:FA1|    ; 2 (0)               ; 0 (0)                     ; 0           ; 0          ; 0            ; 0       ; 0         ; 0    ; 0            ; 0          ; |DUT|num_sub:add_instance|bit4_add_sub:bas2|full_adder:FA1                ; full_adder   ; work         ;
;             |HALF_ADDER:HA2| ; 1 (1)               ; 0 (0)                     ; 0           ; 0          ; 0            ; 0       ; 0         ; 0    ; 0            ; 0          ; |DUT|num_sub:add_instance|bit4_add_sub:bas2|full_adder:FA1|HALF_ADDER:HA2 ; HALF_ADDER   ; work         ;
;             |OR_2:OR1|       ; 1 (1)               ; 0 (0)                     ; 0           ; 0          ; 0            ; 0       ; 0         ; 0    ; 0            ; 0          ; |DUT|num_sub:add_instance|bit4_add_sub:bas2|full_adder:FA1|OR_2:OR1       ; OR_2         ; work         ;
;          |full_adder:FA2|    ; 2 (0)               ; 0 (0)                     ; 0           ; 0          ; 0            ; 0       ; 0         ; 0    ; 0            ; 0          ; |DUT|num_sub:add_instance|bit4_add_sub:bas2|full_adder:FA2                ; full_adder   ; work         ;
;             |HALF_ADDER:HA2| ; 1 (1)               ; 0 (0)                     ; 0           ; 0          ; 0            ; 0       ; 0         ; 0    ; 0            ; 0          ; |DUT|num_sub:add_instance|bit4_add_sub:bas2|full_adder:FA2|HALF_ADDER:HA2 ; HALF_ADDER   ; work         ;
;             |OR_2:OR1|       ; 1 (1)               ; 0 (0)                     ; 0           ; 0          ; 0            ; 0       ; 0         ; 0    ; 0            ; 0          ; |DUT|num_sub:add_instance|bit4_add_sub:bas2|full_adder:FA2|OR_2:OR1       ; OR_2         ; work         ;
;          |full_adder:FA3|    ; 2 (0)               ; 0 (0)                     ; 0           ; 0          ; 0            ; 0       ; 0         ; 0    ; 0            ; 0          ; |DUT|num_sub:add_instance|bit4_add_sub:bas2|full_adder:FA3                ; full_adder   ; work         ;
;             |HALF_ADDER:HA2| ; 1 (1)               ; 0 (0)                     ; 0           ; 0          ; 0            ; 0       ; 0         ; 0    ; 0            ; 0          ; |DUT|num_sub:add_instance|bit4_add_sub:bas2|full_adder:FA3|HALF_ADDER:HA2 ; HALF_ADDER   ; work         ;
;             |OR_2:OR1|       ; 1 (1)               ; 0 (0)                     ; 0           ; 0          ; 0            ; 0       ; 0         ; 0    ; 0            ; 0          ; |DUT|num_sub:add_instance|bit4_add_sub:bas2|full_adder:FA3|OR_2:OR1       ; OR_2         ; work         ;
;       |bit4_add_sub:bas4|    ; 5 (0)               ; 0 (0)                     ; 0           ; 0          ; 0            ; 0       ; 0         ; 0    ; 0            ; 0          ; |DUT|num_sub:add_instance|bit4_add_sub:bas4                               ; bit4_add_sub ; work         ;
;          |XOR_2:XOR0|        ; 1 (1)               ; 0 (0)                     ; 0           ; 0          ; 0            ; 0       ; 0         ; 0    ; 0            ; 0          ; |DUT|num_sub:add_instance|bit4_add_sub:bas4|XOR_2:XOR0                    ; XOR_2        ; work         ;
;          |full_adder:FA1|    ; 1 (0)               ; 0 (0)                     ; 0           ; 0          ; 0            ; 0       ; 0         ; 0    ; 0            ; 0          ; |DUT|num_sub:add_instance|bit4_add_sub:bas4|full_adder:FA1                ; full_adder   ; work         ;
;             |HALF_ADDER:HA2| ; 1 (1)               ; 0 (0)                     ; 0           ; 0          ; 0            ; 0       ; 0         ; 0    ; 0            ; 0          ; |DUT|num_sub:add_instance|bit4_add_sub:bas4|full_adder:FA1|HALF_ADDER:HA2 ; HALF_ADDER   ; work         ;
;          |full_adder:FA2|    ; 1 (0)               ; 0 (0)                     ; 0           ; 0          ; 0            ; 0       ; 0         ; 0    ; 0            ; 0          ; |DUT|num_sub:add_instance|bit4_add_sub:bas4|full_adder:FA2                ; full_adder   ; work         ;
;             |HALF_ADDER:HA2| ; 1 (1)               ; 0 (0)                     ; 0           ; 0          ; 0            ; 0       ; 0         ; 0    ; 0            ; 0          ; |DUT|num_sub:add_instance|bit4_add_sub:bas4|full_adder:FA2|HALF_ADDER:HA2 ; HALF_ADDER   ; work         ;
;          |full_adder:FA3|    ; 2 (0)               ; 0 (0)                     ; 0           ; 0          ; 0            ; 0       ; 0         ; 0    ; 0            ; 0          ; |DUT|num_sub:add_instance|bit4_add_sub:bas4|full_adder:FA3                ; full_adder   ; work         ;
;             |HALF_ADDER:HA2| ; 2 (2)               ; 0 (0)                     ; 0           ; 0          ; 0            ; 0       ; 0         ; 0    ; 0            ; 0          ; |DUT|num_sub:add_instance|bit4_add_sub:bas4|full_adder:FA3|HALF_ADDER:HA2 ; HALF_ADDER   ; work         ;
+------------------------------+---------------------+---------------------------+-------------+------------+--------------+---------+-----------+------+--------------+------------+---------------------------------------------------------------------------+--------------+--------------+
Note: For table entries with two numbers listed, the numbers in parentheses indicate the number of resources of the given type used by the specific entity alone. The numbers listed outside of parentheses indicate the total resources of the given type used by the specific entity and all of its sub-entities in the hierarchy.


+------------------------------------------------------+
; General Register Statistics                          ;
+----------------------------------------------+-------+
; Statistic                                    ; Value ;
+----------------------------------------------+-------+
; Total registers                              ; 0     ;
; Number of registers using Synchronous Clear  ; 0     ;
; Number of registers using Synchronous Load   ; 0     ;
; Number of registers using Asynchronous Clear ; 0     ;
; Number of registers using Asynchronous Load  ; 0     ;
; Number of registers using Clock Enable       ; 0     ;
; Number of registers using Preset             ; 0     ;
+----------------------------------------------+-------+


+--------------------------------------------------------------+
; Port Connectivity Checks: "num_sub:add_instance|AND_2:And10" ;
+------+-------+----------+------------------------------------+
; Port ; Type  ; Severity ; Details                            ;
+------+-------+----------+------------------------------------+
; a    ; Input ; Info     ; Stuck at VCC                       ;
+------+-------+----------+------------------------------------+


+----------------------------------------------------------------------------------------------------------------+
; Port Connectivity Checks: "num_sub:add_instance|bit4_add_sub:bas4"                                             ;
+------+--------+----------+-------------------------------------------------------------------------------------+
; Port ; Type   ; Severity ; Details                                                                             ;
+------+--------+----------+-------------------------------------------------------------------------------------+
; c3   ; Output ; Info     ; Connected to dangling logic. Logic that only feeds a dangling port will be removed. ;
+------+--------+----------+-------------------------------------------------------------------------------------+


+------------------------------------------------------------+
; Port Connectivity Checks: "num_sub:add_instance|AND_2:A10" ;
+------+-------+----------+----------------------------------+
; Port ; Type  ; Severity ; Details                          ;
+------+-------+----------+----------------------------------+
; b    ; Input ; Info     ; Stuck at GND                     ;
+------+-------+----------+----------------------------------+


+-------------------------------------------------------------+
; Port Connectivity Checks: "num_sub:add_instance|AND_2:And9" ;
+------+-------+----------+-----------------------------------+
; Port ; Type  ; Severity ; Details                           ;
+------+-------+----------+-----------------------------------+
; b    ; Input ; Info     ; Stuck at VCC                      ;
+------+-------+----------+-----------------------------------+


+-------------------------------------------------------------+
; Port Connectivity Checks: "num_sub:add_instance|AND_2:And8" ;
+------+-------+----------+-----------------------------------+
; Port ; Type  ; Severity ; Details                           ;
+------+-------+----------+-----------------------------------+
; b    ; Input ; Info     ; Stuck at GND                      ;
+------+-------+----------+-----------------------------------+


+-------------------------------------------------------------+
; Port Connectivity Checks: "num_sub:add_instance|AND_2:And7" ;
+------+-------+----------+-----------------------------------+
; Port ; Type  ; Severity ; Details                           ;
+------+-------+----------+-----------------------------------+
; b    ; Input ; Info     ; Stuck at VCC                      ;
+------+-------+----------+-----------------------------------+


+----------------------------------------------------------------------------------------------------------------+
; Port Connectivity Checks: "num_sub:add_instance|bit4_add_sub:bas3"                                             ;
+------+--------+----------+-------------------------------------------------------------------------------------+
; Port ; Type   ; Severity ; Details                                                                             ;
+------+--------+----------+-------------------------------------------------------------------------------------+
; m    ; Input  ; Info     ; Stuck at GND                                                                        ;
; c3   ; Output ; Info     ; Connected to dangling logic. Logic that only feeds a dangling port will be removed. ;
+------+--------+----------+-------------------------------------------------------------------------------------+


+-------------------------------------------------------------+
; Port Connectivity Checks: "num_sub:add_instance|AND_2:And6" ;
+------+-------+----------+-----------------------------------+
; Port ; Type  ; Severity ; Details                           ;
+------+-------+----------+-----------------------------------+
; b    ; Input ; Info     ; Stuck at GND                      ;
+------+-------+----------+-----------------------------------+


+-------------------------------------------------------------+
; Port Connectivity Checks: "num_sub:add_instance|AND_2:And5" ;
+------+-------+----------+-----------------------------------+
; Port ; Type  ; Severity ; Details                           ;
+------+-------+----------+-----------------------------------+
; b    ; Input ; Info     ; Stuck at VCC                      ;
+------+-------+----------+-----------------------------------+


+-------------------------------------------------------------+
; Port Connectivity Checks: "num_sub:add_instance|AND_2:And4" ;
+------+-------+----------+-----------------------------------+
; Port ; Type  ; Severity ; Details                           ;
+------+-------+----------+-----------------------------------+
; b    ; Input ; Info     ; Stuck at VCC                      ;
+------+-------+----------+-----------------------------------+


+-------------------------------------------------------------+
; Port Connectivity Checks: "num_sub:add_instance|AND_2:And3" ;
+------+-------+----------+-----------------------------------+
; Port ; Type  ; Severity ; Details                           ;
+------+-------+----------+-----------------------------------+
; b    ; Input ; Info     ; Stuck at GND                      ;
+------+-------+----------+-----------------------------------+


+--------------------------------------------------------------------+
; Port Connectivity Checks: "num_sub:add_instance|bit4_add_sub:bas2" ;
+------+-------+----------+------------------------------------------+
; Port ; Type  ; Severity ; Details                                  ;
+------+-------+----------+------------------------------------------+
; m    ; Input ; Info     ; Stuck at GND                             ;
+------+-------+----------+------------------------------------------+


+----------------------------------------------------------------------------------------------------------------+
; Port Connectivity Checks: "num_sub:add_instance|bit4_add_sub:bas1"                                             ;
+------+--------+----------+-------------------------------------------------------------------------------------+
; Port ; Type   ; Severity ; Details                                                                             ;
+------+--------+----------+-------------------------------------------------------------------------------------+
; a3   ; Input  ; Info     ; Stuck at VCC                                                                        ;
; a2   ; Input  ; Info     ; Stuck at GND                                                                        ;
; a1   ; Input  ; Info     ; Stuck at VCC                                                                        ;
; a0   ; Input  ; Info     ; Stuck at GND                                                                        ;
; m    ; Input  ; Info     ; Stuck at VCC                                                                        ;
; c3   ; Output ; Info     ; Connected to dangling logic. Logic that only feeds a dangling port will be removed. ;
+------+--------+----------+-------------------------------------------------------------------------------------+


+-----------------------------------------------------+
; Post-Synthesis Netlist Statistics for Top Partition ;
+-----------------------+-----------------------------+
; Type                  ; Count                       ;
+-----------------------+-----------------------------+
; boundary_port         ; 13                          ;
; cycloneiii_lcell_comb ; 15                          ;
;     normal            ; 15                          ;
;         1 data inputs ; 1                           ;
;         2 data inputs ; 2                           ;
;         3 data inputs ; 1                           ;
;         4 data inputs ; 11                          ;
;                       ;                             ;
; Max LUT depth         ; 5.00                        ;
; Average LUT depth     ; 4.39                        ;
+-----------------------+-----------------------------+


+-------------------------------+
; Elapsed Time Per Partition    ;
+----------------+--------------+
; Partition Name ; Elapsed Time ;
+----------------+--------------+
; Top            ; 00:00:00     ;
+----------------+--------------+


+-------------------------------+
; Analysis & Synthesis Messages ;
+-------------------------------+
Info: *******************************************************************
Info: Running Quartus Prime Analysis & Synthesis
    Info: Version 20.1.1 Build 720 11/11/2020 SJ Lite Edition
    Info: Processing started: Fri Aug 26 16:04:55 2022
Info: Command: quartus_map --read_settings_files=on --write_settings_files=off num_sub -c num_sub
Warning (18236): Number of processors has not been specified which may cause overloading on shared machines.  Set the global assignment NUM_PARALLEL_PROCESSORS in your QSF to an appropriate value for best performance.
Info (20030): Parallel compilation is enabled and will use 12 of the 12 processors detected
Info (12021): Found 2 design units, including 1 entities, in source file full_adder.vhdl
    Info (12022): Found design unit 1: full_adder-Struct File: C:/IITB 3rd Semester/EE214/Lab4/full_adder.vhdl Line: 10
    Info (12023): Found entity 1: full_adder File: C:/IITB 3rd Semester/EE214/Lab4/full_adder.vhdl Line: 6
Info (12021): Found 2 design units, including 1 entities, in source file bit4_add_sub.vhdl
    Info (12022): Found design unit 1: bit4_add_sub-Struct File: C:/IITB 3rd Semester/EE214/Lab4/bit4_add_sub.vhdl Line: 10
    Info (12023): Found entity 1: bit4_add_sub File: C:/IITB 3rd Semester/EE214/Lab4/bit4_add_sub.vhdl Line: 6
Info (12021): Found 2 design units, including 1 entities, in source file testbench.vhdl
    Info (12022): Found design unit 1: Testbench-Behave File: C:/IITB 3rd Semester/EE214/Lab4/Testbench.vhdl Line: 9
    Info (12023): Found entity 1: Testbench File: C:/IITB 3rd Semester/EE214/Lab4/Testbench.vhdl Line: 7
Info (12021): Found 2 design units, including 1 entities, in source file or.vhdl
    Info (12022): Found design unit 1: OR_GATE-Struct File: C:/IITB 3rd Semester/EE214/Lab4/OR.vhdl Line: 10
    Info (12023): Found entity 1: OR_GATE File: C:/IITB 3rd Semester/EE214/Lab4/OR.vhdl Line: 6
Info (12021): Found 17 design units, including 8 entities, in source file gates.vhdl
    Info (12022): Found design unit 1: Gates File: C:/IITB 3rd Semester/EE214/Lab4/Gates.vhdl Line: 7
    Info (12022): Found design unit 2: INVERTER-Equations File: C:/IITB 3rd Semester/EE214/Lab4/Gates.vhdl Line: 49
    Info (12022): Found design unit 3: AND_2-Equations File: C:/IITB 3rd Semester/EE214/Lab4/Gates.vhdl Line: 61
    Info (12022): Found design unit 4: NAND_2-Equations File: C:/IITB 3rd Semester/EE214/Lab4/Gates.vhdl Line: 72
    Info (12022): Found design unit 5: OR_2-Equations File: C:/IITB 3rd Semester/EE214/Lab4/Gates.vhdl Line: 83
    Info (12022): Found design unit 6: NOR_2-Equations File: C:/IITB 3rd Semester/EE214/Lab4/Gates.vhdl Line: 94
    Info (12022): Found design unit 7: XOR_2-Equations File: C:/IITB 3rd Semester/EE214/Lab4/Gates.vhdl Line: 106
    Info (12022): Found design unit 8: XNOR_2-Equations File: C:/IITB 3rd Semester/EE214/Lab4/Gates.vhdl Line: 117
    Info (12022): Found design unit 9: HALF_ADDER-Equations File: C:/IITB 3rd Semester/EE214/Lab4/Gates.vhdl Line: 128
    Info (12023): Found entity 1: INVERTER File: C:/IITB 3rd Semester/EE214/Lab4/Gates.vhdl Line: 45
    Info (12023): Found entity 2: AND_2 File: C:/IITB 3rd Semester/EE214/Lab4/Gates.vhdl Line: 57
    Info (12023): Found entity 3: NAND_2 File: C:/IITB 3rd Semester/EE214/Lab4/Gates.vhdl Line: 68
    Info (12023): Found entity 4: OR_2 File: C:/IITB 3rd Semester/EE214/Lab4/Gates.vhdl Line: 79
    Info (12023): Found entity 5: NOR_2 File: C:/IITB 3rd Semester/EE214/Lab4/Gates.vhdl Line: 90
    Info (12023): Found entity 6: XOR_2 File: C:/IITB 3rd Semester/EE214/Lab4/Gates.vhdl Line: 102
    Info (12023): Found entity 7: XNOR_2 File: C:/IITB 3rd Semester/EE214/Lab4/Gates.vhdl Line: 113
    Info (12023): Found entity 8: HALF_ADDER File: C:/IITB 3rd Semester/EE214/Lab4/Gates.vhdl Line: 124
Info (12021): Found 2 design units, including 1 entities, in source file dut.vhdl
    Info (12022): Found design unit 1: DUT-DutWrap File: C:/IITB 3rd Semester/EE214/Lab4/DUT.vhdl Line: 12
    Info (12023): Found entity 1: DUT File: C:/IITB 3rd Semester/EE214/Lab4/DUT.vhdl Line: 7
Info (12021): Found 2 design units, including 1 entities, in source file num_sub.vhdl
    Info (12022): Found design unit 1: num_sub-Struct File: C:/IITB 3rd Semester/EE214/Lab4/num_sub.vhdl Line: 10
    Info (12023): Found entity 1: num_sub File: C:/IITB 3rd Semester/EE214/Lab4/num_sub.vhdl Line: 6
Info (12127): Elaborating entity "DUT" for the top level hierarchy
Info (12128): Elaborating entity "num_sub" for hierarchy "num_sub:add_instance" File: C:/IITB 3rd Semester/EE214/Lab4/DUT.vhdl Line: 20
Warning (10036): Verilog HDL or VHDL warning at num_sub.vhdl(11): object "C1" assigned a value but never read File: C:/IITB 3rd Semester/EE214/Lab4/num_sub.vhdl Line: 11
Warning (10036): Verilog HDL or VHDL warning at num_sub.vhdl(11): object "C3" assigned a value but never read File: C:/IITB 3rd Semester/EE214/Lab4/num_sub.vhdl Line: 11
Warning (10036): Verilog HDL or VHDL warning at num_sub.vhdl(11): object "C4" assigned a value but never read File: C:/IITB 3rd Semester/EE214/Lab4/num_sub.vhdl Line: 11
Info (12128): Elaborating entity "bit4_add_sub" for hierarchy "num_sub:add_instance|bit4_add_sub:bas1" File: C:/IITB 3rd Semester/EE214/Lab4/num_sub.vhdl Line: 16
Info (12128): Elaborating entity "XOR_2" for hierarchy "num_sub:add_instance|bit4_add_sub:bas1|XOR_2:XOR0" File: C:/IITB 3rd Semester/EE214/Lab4/bit4_add_sub.vhdl Line: 17
Info (12128): Elaborating entity "full_adder" for hierarchy "num_sub:add_instance|bit4_add_sub:bas1|full_adder:FA0" File: C:/IITB 3rd Semester/EE214/Lab4/bit4_add_sub.vhdl Line: 21
Info (12128): Elaborating entity "HALF_ADDER" for hierarchy "num_sub:add_instance|bit4_add_sub:bas1|full_adder:FA0|HALF_ADDER:HA1" File: C:/IITB 3rd Semester/EE214/Lab4/full_adder.vhdl Line: 13
Info (12128): Elaborating entity "OR_2" for hierarchy "num_sub:add_instance|bit4_add_sub:bas1|full_adder:FA0|OR_2:OR1" File: C:/IITB 3rd Semester/EE214/Lab4/full_adder.vhdl Line: 15
Info (12128): Elaborating entity "AND_2" for hierarchy "num_sub:add_instance|AND_2:And1" File: C:/IITB 3rd Semester/EE214/Lab4/num_sub.vhdl Line: 18
Info (12128): Elaborating entity "INVERTER" for hierarchy "num_sub:add_instance|INVERTER:NOT1" File: C:/IITB 3rd Semester/EE214/Lab4/num_sub.vhdl Line: 27
Info (286030): Timing-Driven Synthesis is running
Info (16010): Generating hard_block partition "hard_block:auto_generated_inst"
    Info (16011): Adding 0 node(s), including 0 DDIO, 0 PLL, 0 transceiver and 0 LCELL
Info (21057): Implemented 27 device resources after synthesis - the final resource count might be different
    Info (21058): Implemented 8 input pins
    Info (21059): Implemented 5 output pins
    Info (21061): Implemented 14 logic cells
Info: Quartus Prime Analysis & Synthesis was successful. 0 errors, 4 warnings
    Info: Peak virtual memory: 4793 megabytes
    Info: Processing ended: Fri Aug 26 16:05:05 2022
    Info: Elapsed time: 00:00:10
    Info: Total CPU time (on all processors): 00:00:22


