This is pdfTeX, Version 3.141592653-2.6-1.40.24 (MiKTeX 22.3) (preloaded format=pdflatex 2022.6.17)  6 OCT 2022 18:08
entering extended mode
 restricted \write18 enabled.
 %&-line parsing enabled.
**./210070009_Exp07.tex
(210070009_Exp07.tex
LaTeX2e <2021-11-15> patch level 1
L3 programming layer <2022-02-24>
(C:\Users\Annirudh K P\AppData\Local\Programs\MiKTeX\tex/latex/base\article.cls
Document Class: article 2021/10/04 v1.4n Standard LaTeX document class
(C:\Users\Annirudh K P\AppData\Local\Programs\MiKTeX\tex/latex/base\size12.clo
File: size12.clo 2021/10/04 v1.4n Standard LaTeX file (size option)
)
\c@part=\count185
\c@section=\count186
\c@subsection=\count187
\c@subsubsection=\count188
\c@paragraph=\count189
\c@subparagraph=\count190
\c@figure=\count191
\c@table=\count192
\abovecaptionskip=\skip47
\belowcaptionskip=\skip48
\bibindent=\dimen138
)
(C:\Users\Annirudh K P\AppData\Local\Programs\MiKTeX\tex/latex/graphics\graphic
x.sty
Package: graphicx 2021/09/16 v1.2d Enhanced LaTeX Graphics (DPC,SPQR)

(C:\Users\Annirudh K P\AppData\Local\Programs\MiKTeX\tex/latex/graphics\keyval.
sty
Package: keyval 2014/10/28 v1.15 key=value parser (DPC)
\KV@toks@=\toks16
)
(C:\Users\Annirudh K P\AppData\Local\Programs\MiKTeX\tex/latex/graphics\graphic
s.sty
Package: graphics 2021/03/04 v1.4d Standard LaTeX Graphics (DPC,SPQR)

(C:\Users\Annirudh K P\AppData\Local\Programs\MiKTeX\tex/latex/graphics\trig.st
y
Package: trig 2021/08/11 v1.11 sin cos tan (DPC)
)
(C:\Users\Annirudh K P\AppData\Local\Programs\MiKTeX\tex/latex/graphics-cfg\gra
phics.cfg
File: graphics.cfg 2016/06/04 v1.11 sample graphics configuration
)
Package graphics Info: Driver file: pdftex.def on input line 107.

(C:\Users\Annirudh K P\AppData\Local\Programs\MiKTeX\tex/latex/graphics-def\pdf
tex.def
File: pdftex.def 2020/10/05 v1.2a Graphics/color driver for pdftex
))
\Gin@req@height=\dimen139
\Gin@req@width=\dimen140
)
(C:\Users\Annirudh K P\AppData\Local\Programs\MiKTeX\tex/latex/float\float.sty
Package: float 2001/11/08 v1.3d Float enhancements (AL)
\c@float@type=\count193
\float@exts=\toks17
\float@box=\box50
\@float@everytoks=\toks18
\@floatcapt=\box51
)
(C:\Users\Annirudh K P\AppData\Local\Programs\MiKTeX\tex/latex/amsmath\amsmath.
sty
Package: amsmath 2021/10/15 v2.17l AMS math features
\@mathmargin=\skip49

For additional information on amsmath, use the `?' option.

(C:\Users\Annirudh K P\AppData\Local\Programs\MiKTeX\tex/latex/amsmath\amstext.
sty
Package: amstext 2021/08/26 v2.01 AMS text

(C:\Users\Annirudh K P\AppData\Local\Programs\MiKTeX\tex/latex/amsmath\amsgen.s
ty
File: amsgen.sty 1999/11/30 v2.0 generic functions
\@emptytoks=\toks19
\ex@=\dimen141
))
(C:\Users\Annirudh K P\AppData\Local\Programs\MiKTeX\tex/latex/amsmath\amsbsy.s
ty
Package: amsbsy 1999/11/29 v1.2d Bold Symbols
\pmbraise@=\dimen142
)
(C:\Users\Annirudh K P\AppData\Local\Programs\MiKTeX\tex/latex/amsmath\amsopn.s
ty
Package: amsopn 2021/08/26 v2.02 operator names
)
\inf@bad=\count194
LaTeX Info: Redefining \frac on input line 234.
\uproot@=\count195
\leftroot@=\count196
LaTeX Info: Redefining \overline on input line 399.
\classnum@=\count197
\DOTSCASE@=\count198
LaTeX Info: Redefining \ldots on input line 496.
LaTeX Info: Redefining \dots on input line 499.
LaTeX Info: Redefining \cdots on input line 620.
\Mathstrutbox@=\box52
\strutbox@=\box53
\big@size=\dimen143
LaTeX Font Info:    Redeclaring font encoding OML on input line 743.
LaTeX Font Info:    Redeclaring font encoding OMS on input line 744.
\macc@depth=\count199
\c@MaxMatrixCols=\count266
\dotsspace@=\muskip16
\c@parentequation=\count267
\dspbrk@lvl=\count268
\tag@help=\toks20
\row@=\count269
\column@=\count270
\maxfields@=\count271
\andhelp@=\toks21
\eqnshift@=\dimen144
\alignsep@=\dimen145
\tagshift@=\dimen146
\tagwidth@=\dimen147
\totwidth@=\dimen148
\lineht@=\dimen149
\@envbody=\toks22
\multlinegap=\skip50
\multlinetaggap=\skip51
\mathdisplay@stack=\toks23
LaTeX Info: Redefining \[ on input line 2938.
LaTeX Info: Redefining \] on input line 2939.
)
(C:\Users\Annirudh K P\AppData\Local\Programs\MiKTeX\tex/latex/l3backend\l3back
end-pdftex.def
File: l3backend-pdftex.def 2022-02-07 L3 backend support: PDF output (pdfTeX)
\l__color_backend_stack_int=\count272
\l__pdf_internal_box=\box54
) (210070009_Exp07.aux)
\openout1 = `210070009_Exp07.aux'.

LaTeX Font Info:    Checking defaults for OML/cmm/m/it on input line 9.
LaTeX Font Info:    ... okay on input line 9.
LaTeX Font Info:    Checking defaults for OMS/cmsy/m/n on input line 9.
LaTeX Font Info:    ... okay on input line 9.
LaTeX Font Info:    Checking defaults for OT1/cmr/m/n on input line 9.
LaTeX Font Info:    ... okay on input line 9.
LaTeX Font Info:    Checking defaults for T1/cmr/m/n on input line 9.
LaTeX Font Info:    ... okay on input line 9.
LaTeX Font Info:    Checking defaults for TS1/cmr/m/n on input line 9.
LaTeX Font Info:    ... okay on input line 9.
LaTeX Font Info:    Checking defaults for OMX/cmex/m/n on input line 9.
LaTeX Font Info:    ... okay on input line 9.
LaTeX Font Info:    Checking defaults for U/cmr/m/n on input line 9.
LaTeX Font Info:    ... okay on input line 9.

(C:\Users\Annirudh K P\AppData\Local\Programs\MiKTeX\tex/context/base/mkii\supp
-pdf.mkii
[Loading MPS to PDF converter (version 2006.09.02).]
\scratchcounter=\count273
\scratchdimen=\dimen150
\scratchbox=\box55
\nofMPsegments=\count274
\nofMParguments=\count275
\everyMPshowfont=\toks24
\MPscratchCnt=\count276
\MPscratchDim=\dimen151
\MPnumerator=\count277
\makeMPintoPDFobject=\count278
\everyMPtoPDFconversion=\toks25
)
(C:\Users\Annirudh K P\AppData\Local\Programs\MiKTeX\tex/latex/epstopdf-pkg\eps
topdf-base.sty
Package: epstopdf-base 2020-01-24 v2.11 Base part for package epstopdf

(C:\Users\Annirudh K P\AppData\Local\Programs\MiKTeX\tex/generic/infwarerr\infw
arerr.sty
Package: infwarerr 2019/12/03 v1.5 Providing info/warning/error messages (HO)
)
(C:\Users\Annirudh K P\AppData\Local\Programs\MiKTeX\tex/latex/grfext\grfext.st
y
Package: grfext 2019/12/03 v1.3 Manage graphics extensions (HO)

(C:\Users\Annirudh K P\AppData\Local\Programs\MiKTeX\tex/generic/kvdefinekeys\k
vdefinekeys.sty
Package: kvdefinekeys 2019-12-19 v1.6 Define keys (HO)
))
(C:\Users\Annirudh K P\AppData\Local\Programs\MiKTeX\tex/latex/kvoptions\kvopti
ons.sty
Package: kvoptions 2020-10-07 v3.14 Key value format for package options (HO)

(C:\Users\Annirudh K P\AppData\Local\Programs\MiKTeX\tex/generic/ltxcmds\ltxcmd
s.sty
Package: ltxcmds 2020-05-10 v1.25 LaTeX kernel commands for general use (HO)
)
(C:\Users\Annirudh K P\AppData\Local\Programs\MiKTeX\tex/generic/kvsetkeys\kvse
tkeys.sty
Package: kvsetkeys 2019/12/15 v1.18 Key value parser (HO)
))
(C:\Users\Annirudh K P\AppData\Local\Programs\MiKTeX\tex/generic/pdftexcmds\pdf
texcmds.sty
Package: pdftexcmds 2020-06-27 v0.33 Utility functions of pdfTeX for LuaTeX (HO
)

(C:\Users\Annirudh K P\AppData\Local\Programs\MiKTeX\tex/generic/iftex\iftex.st
y
Package: iftex 2022/02/03 v1.0f TeX engine tests
)
Package pdftexcmds Info: \pdf@primitive is available.
Package pdftexcmds Info: \pdf@ifprimitive is available.
Package pdftexcmds Info: \pdfdraftmode found.
)
Package epstopdf-base Info: Redefining graphics rule for `.eps' on input line 4
85.
Package grfext Info: Graphics extension search list:
(grfext)             [.pdf,.png,.jpg,.mps,.jpeg,.jbig2,.jb2,.PDF,.PNG,.JPG,.JPE
G,.JBIG2,.JB2,.eps]
(grfext)             \AppendGraphicsExtensions on input line 504.

(C:\Users\Annirudh K P\AppData\Local\Programs\MiKTeX\tex/latex/00miktex\epstopd
f-sys.cfg
File: epstopdf-sys.cfg 2021/03/18 v2.0 Configuration of epstopdf for MiKTeX
))
<Images/SeqGen_ProbStat.png, id=1, 422.7795pt x 151.767pt>
File: Images/SeqGen_ProbStat.png Graphic file (type png)
<use Images/SeqGen_ProbStat.png>
Package pdftex.def Info: Images/SeqGen_ProbStat.png  used on input line 24.
(pdftex.def)             Requested size: 126.83482pt x 45.53044pt.
<Images/SeqGen_Design.jpeg, id=3, 1078.0275pt x 1284.8pt>
File: Images/SeqGen_Design.jpeg Graphic file (type jpg)
<use Images/SeqGen_Design.jpeg>
Package pdftex.def Info: Images/SeqGen_Design.jpeg  used on input line 30.
(pdftex.def)             Requested size: 323.41075pt x 385.44298pt.
 [1

{C:/Users/Annirudh K P/AppData/Local/MiKTeX/fonts/map/pdftex/pdftex.map} <./Ima
ges/SeqGen_ProbStat.png>]
Overfull \hbox (29.9002pt too wide) in paragraph at lines 114--114
[]\OT1/cmtt/m/n/12 component dff_set is port(D,clock,set:in std_logic;Q:out std
_logic);[] 
 []

[2 <./Images/SeqGen_Design.jpeg>]
Overfull \hbox (54.60022pt too wide) in paragraph at lines 114--114
[]\OT1/cmtt/m/n/12 component dff_reset is port(D,clock,reset:in std_logic;Q:out
 std_logic);[] 
 []


Overfull \hbox (11.3752pt too wide) in paragraph at lines 114--114
[]\OT1/cmtt/m/n/12 entity dff_set is port(D,clock,set:in std_logic;Q:out std_lo
gic);[] 
 []


Overfull \hbox (36.07521pt too wide) in paragraph at lines 114--114
[]\OT1/cmtt/m/n/12 entity dff_reset is port(D,clock,reset:in std_logic;Q:out st
d_logic);[] 
 []

[3]
Overfull \hbox (29.9002pt too wide) in paragraph at lines 114--114
[]\OT1/cmtt/m/n/12 component dff_set is port(D,clock,set:in std_logic;Q:out std
_logic);[] 
 []


Overfull \hbox (54.60022pt too wide) in paragraph at lines 114--114
[]\OT1/cmtt/m/n/12 component dff_reset is port(D,clock,reset:in std_logic;Q:out
 std_logic);[] 
 []


Overfull \hbox (79.30023pt too wide) in paragraph at lines 114--114
[]\OT1/cmtt/m/n/12 -- write the equations in dataflow e.g z=a+bc written as z <
= a or (b and c)[] 
 []


Overfull \hbox (73.12523pt too wide) in paragraph at lines 114--114
[]\OT1/cmtt/m/n/12 ff1: dff_set port map (D => D(2), clock => clock, set => res
et, Q => Q(2));[] 
 []


Overfull \hbox (73.12523pt too wide) in paragraph at lines 114--114
[]\OT1/cmtt/m/n/12 ff2: dff_set port map (D => D(1), clock => clock, set => res
et, Q => Q(1));[] 
 []


Overfull \hbox (97.82524pt too wide) in paragraph at lines 114--114
[]\OT1/cmtt/m/n/12 ff3: dff_reset port map (D => D(0), clock => clock, reset =>
 reset, Q => Q(0));[] 
 []

<Images/SeqGen_RTLSimulation.png, id=19, 1148.49075pt x 611.886pt>
File: Images/SeqGen_RTLSimulation.png Graphic file (type png)
<use Images/SeqGen_RTLSimulation.png>
Package pdftex.def Info: Images/SeqGen_RTLSimulation.png  used on input line 12
2.
(pdftex.def)             Requested size: 401.97778pt x 214.1633pt.

Overfull \hbox (11.97778pt too wide) in paragraph at lines 122--123
 [][] 
 []

[4] [5 <./Images/SeqGen_RTLSimulation.png>] [6] (210070009_Exp07.aux) ) 
Here is how much of TeX's memory you used:
 2656 strings out of 478582
 45786 string characters out of 2841004
 338367 words of memory out of 3000000
 20826 multiletter control sequences out of 15000+600000
 472609 words of font info for 40 fonts, out of 8000000 for 9000
 1141 hyphenation exceptions out of 8191
 60i,7n,67p,517b,273s stack positions out of 10000i,1000n,20000p,200000b,80000s
<C:/User
s/Annirudh K P/AppData/Local/Programs/MiKTeX/fonts/type1/public/amsfonts/cm/cmb
x12.pfb><C:/Users/Annirudh K P/AppData/Local/Programs/MiKTeX/fonts/type1/public
/amsfonts/cm/cmr12.pfb><C:/Users/Annirudh K P/AppData/Local/Programs/MiKTeX/fon
ts/type1/public/amsfonts/cm/cmr17.pfb><C:/Users/Annirudh K P/AppData/Local/Prog
rams/MiKTeX/fonts/type1/public/amsfonts/cm/cmtt12.pfb>
Output written on 210070009_Exp07.pdf (6 pages, 524946 bytes).
PDF statistics:
 47 PDF objects out of 1000 (max. 8388607)
 0 named destinations out of 1000 (max. 500000)
 16 words of extra memory for PDF output out of 10000 (max. 10000000)

