This is pdfTeX, Version 3.141592653-2.6-1.40.24 (MiKTeX 22.3) (preloaded format=pdflatex 2022.6.17)  26 SEP 2022 19:46
entering extended mode
 restricted \write18 enabled.
 %&-line parsing enabled.
**./210070009_Exp06.tex
(210070009_Exp06.tex
LaTeX2e <2021-11-15> patch level 1
L3 programming layer <2022-02-24>
(C:\Users\Annirudh K P\AppData\Local\Programs\MiKTeX\tex/latex/base\article.cls
Document Class: article 2021/10/04 v1.4n Standard LaTeX document class
(C:\Users\Annirudh K P\AppData\Local\Programs\MiKTeX\tex/latex/base\size12.clo
File: size12.clo 2021/10/04 v1.4n Standard LaTeX file (size option)
)
\c@part=\count185
\c@section=\count186
\c@subsection=\count187
\c@subsubsection=\count188
\c@paragraph=\count189
\c@subparagraph=\count190
\c@figure=\count191
\c@table=\count192
\abovecaptionskip=\skip47
\belowcaptionskip=\skip48
\bibindent=\dimen138
)
(C:\Users\Annirudh K P\AppData\Local\Programs\MiKTeX\tex/latex/graphics\graphic
x.sty
Package: graphicx 2021/09/16 v1.2d Enhanced LaTeX Graphics (DPC,SPQR)

(C:\Users\Annirudh K P\AppData\Local\Programs\MiKTeX\tex/latex/graphics\keyval.
sty
Package: keyval 2014/10/28 v1.15 key=value parser (DPC)
\KV@toks@=\toks16
)
(C:\Users\Annirudh K P\AppData\Local\Programs\MiKTeX\tex/latex/graphics\graphic
s.sty
Package: graphics 2021/03/04 v1.4d Standard LaTeX Graphics (DPC,SPQR)

(C:\Users\Annirudh K P\AppData\Local\Programs\MiKTeX\tex/latex/graphics\trig.st
y
Package: trig 2021/08/11 v1.11 sin cos tan (DPC)
)
(C:\Users\Annirudh K P\AppData\Local\Programs\MiKTeX\tex/latex/graphics-cfg\gra
phics.cfg
File: graphics.cfg 2016/06/04 v1.11 sample graphics configuration
)
Package graphics Info: Driver file: pdftex.def on input line 107.

(C:\Users\Annirudh K P\AppData\Local\Programs\MiKTeX\tex/latex/graphics-def\pdf
tex.def
File: pdftex.def 2020/10/05 v1.2a Graphics/color driver for pdftex
))
\Gin@req@height=\dimen139
\Gin@req@width=\dimen140
)
(C:\Users\Annirudh K P\AppData\Local\Programs\MiKTeX\tex/latex/float\float.sty
Package: float 2001/11/08 v1.3d Float enhancements (AL)
\c@float@type=\count193
\float@exts=\toks17
\float@box=\box50
\@float@everytoks=\toks18
\@floatcapt=\box51
)
(C:\Users\Annirudh K P\AppData\Local\Programs\MiKTeX\tex/latex/amsmath\amsmath.
sty
Package: amsmath 2021/10/15 v2.17l AMS math features
\@mathmargin=\skip49

For additional information on amsmath, use the `?' option.

(C:\Users\Annirudh K P\AppData\Local\Programs\MiKTeX\tex/latex/amsmath\amstext.
sty
Package: amstext 2021/08/26 v2.01 AMS text

(C:\Users\Annirudh K P\AppData\Local\Programs\MiKTeX\tex/latex/amsmath\amsgen.s
ty
File: amsgen.sty 1999/11/30 v2.0 generic functions
\@emptytoks=\toks19
\ex@=\dimen141
))
(C:\Users\Annirudh K P\AppData\Local\Programs\MiKTeX\tex/latex/amsmath\amsbsy.s
ty
Package: amsbsy 1999/11/29 v1.2d Bold Symbols
\pmbraise@=\dimen142
)
(C:\Users\Annirudh K P\AppData\Local\Programs\MiKTeX\tex/latex/amsmath\amsopn.s
ty
Package: amsopn 2021/08/26 v2.02 operator names
)
\inf@bad=\count194
LaTeX Info: Redefining \frac on input line 234.
\uproot@=\count195
\leftroot@=\count196
LaTeX Info: Redefining \overline on input line 399.
\classnum@=\count197
\DOTSCASE@=\count198
LaTeX Info: Redefining \ldots on input line 496.
LaTeX Info: Redefining \dots on input line 499.
LaTeX Info: Redefining \cdots on input line 620.
\Mathstrutbox@=\box52
\strutbox@=\box53
\big@size=\dimen143
LaTeX Font Info:    Redeclaring font encoding OML on input line 743.
LaTeX Font Info:    Redeclaring font encoding OMS on input line 744.
\macc@depth=\count199
\c@MaxMatrixCols=\count266
\dotsspace@=\muskip16
\c@parentequation=\count267
\dspbrk@lvl=\count268
\tag@help=\toks20
\row@=\count269
\column@=\count270
\maxfields@=\count271
\andhelp@=\toks21
\eqnshift@=\dimen144
\alignsep@=\dimen145
\tagshift@=\dimen146
\tagwidth@=\dimen147
\totwidth@=\dimen148
\lineht@=\dimen149
\@envbody=\toks22
\multlinegap=\skip50
\multlinetaggap=\skip51
\mathdisplay@stack=\toks23
LaTeX Info: Redefining \[ on input line 2938.
LaTeX Info: Redefining \] on input line 2939.
)
(C:\Users\Annirudh K P\AppData\Local\Programs\MiKTeX\tex/latex/l3backend\l3back
end-pdftex.def
File: l3backend-pdftex.def 2022-02-07 L3 backend support: PDF output (pdfTeX)
\l__color_backend_stack_int=\count272
\l__pdf_internal_box=\box54
) (210070009_Exp06.aux)
\openout1 = `210070009_Exp06.aux'.

LaTeX Font Info:    Checking defaults for OML/cmm/m/it on input line 9.
LaTeX Font Info:    ... okay on input line 9.
LaTeX Font Info:    Checking defaults for OMS/cmsy/m/n on input line 9.
LaTeX Font Info:    ... okay on input line 9.
LaTeX Font Info:    Checking defaults for OT1/cmr/m/n on input line 9.
LaTeX Font Info:    ... okay on input line 9.
LaTeX Font Info:    Checking defaults for T1/cmr/m/n on input line 9.
LaTeX Font Info:    ... okay on input line 9.
LaTeX Font Info:    Checking defaults for TS1/cmr/m/n on input line 9.
LaTeX Font Info:    ... okay on input line 9.
LaTeX Font Info:    Checking defaults for OMX/cmex/m/n on input line 9.
LaTeX Font Info:    ... okay on input line 9.
LaTeX Font Info:    Checking defaults for U/cmr/m/n on input line 9.
LaTeX Font Info:    ... okay on input line 9.

(C:\Users\Annirudh K P\AppData\Local\Programs\MiKTeX\tex/context/base/mkii\supp
-pdf.mkii
[Loading MPS to PDF converter (version 2006.09.02).]
\scratchcounter=\count273
\scratchdimen=\dimen150
\scratchbox=\box55
\nofMPsegments=\count274
\nofMParguments=\count275
\everyMPshowfont=\toks24
\MPscratchCnt=\count276
\MPscratchDim=\dimen151
\MPnumerator=\count277
\makeMPintoPDFobject=\count278
\everyMPtoPDFconversion=\toks25
)
(C:\Users\Annirudh K P\AppData\Local\Programs\MiKTeX\tex/latex/epstopdf-pkg\eps
topdf-base.sty
Package: epstopdf-base 2020-01-24 v2.11 Base part for package epstopdf

(C:\Users\Annirudh K P\AppData\Local\Programs\MiKTeX\tex/generic/infwarerr\infw
arerr.sty
Package: infwarerr 2019/12/03 v1.5 Providing info/warning/error messages (HO)
)
(C:\Users\Annirudh K P\AppData\Local\Programs\MiKTeX\tex/latex/grfext\grfext.st
y
Package: grfext 2019/12/03 v1.3 Manage graphics extensions (HO)

(C:\Users\Annirudh K P\AppData\Local\Programs\MiKTeX\tex/generic/kvdefinekeys\k
vdefinekeys.sty
Package: kvdefinekeys 2019-12-19 v1.6 Define keys (HO)
))
(C:\Users\Annirudh K P\AppData\Local\Programs\MiKTeX\tex/latex/kvoptions\kvopti
ons.sty
Package: kvoptions 2020-10-07 v3.14 Key value format for package options (HO)

(C:\Users\Annirudh K P\AppData\Local\Programs\MiKTeX\tex/generic/ltxcmds\ltxcmd
s.sty
Package: ltxcmds 2020-05-10 v1.25 LaTeX kernel commands for general use (HO)
)
(C:\Users\Annirudh K P\AppData\Local\Programs\MiKTeX\tex/generic/kvsetkeys\kvse
tkeys.sty
Package: kvsetkeys 2019/12/15 v1.18 Key value parser (HO)
))
(C:\Users\Annirudh K P\AppData\Local\Programs\MiKTeX\tex/generic/pdftexcmds\pdf
texcmds.sty
Package: pdftexcmds 2020-06-27 v0.33 Utility functions of pdfTeX for LuaTeX (HO
)

(C:\Users\Annirudh K P\AppData\Local\Programs\MiKTeX\tex/generic/iftex\iftex.st
y
Package: iftex 2022/02/03 v1.0f TeX engine tests
)
Package pdftexcmds Info: \pdf@primitive is available.
Package pdftexcmds Info: \pdf@ifprimitive is available.
Package pdftexcmds Info: \pdfdraftmode found.
)
Package epstopdf-base Info: Redefining graphics rule for `.eps' on input line 4
85.
Package grfext Info: Graphics extension search list:
(grfext)             [.pdf,.png,.jpg,.mps,.jpeg,.jbig2,.jb2,.PDF,.PNG,.JPG,.JPE
G,.JBIG2,.JB2,.eps]
(grfext)             \AppendGraphicsExtensions on input line 504.

(C:\Users\Annirudh K P\AppData\Local\Programs\MiKTeX\tex/latex/00miktex\epstopd
f-sys.cfg
File: epstopdf-sys.cfg 2021/03/18 v2.0 Configuration of epstopdf for MiKTeX
))
<Images/ALU_Design.png, id=1, 398.6895pt x 404.10976pt>
File: Images/ALU_Design.png Graphic file (type png)
<use Images/ALU_Design.png>
Package pdftex.def Info: Images/ALU_Design.png  used on input line 24.
(pdftex.def)             Requested size: 119.60777pt x 121.23386pt.
 [1

{C:/Users/Annirudh K P/AppData/Local/MiKTeX/fonts/map/pdftex/pdftex.map} <./Ima
ges/ALU_Design.png>]
Overfull \hbox (29.9002pt too wide) in paragraph at lines 153--153
[]\OT1/cmtt/m/n/12 function sub(A: in std_logic_vector(operand_width-1 downto 0
); B: in[] 
 []


Overfull \hbox (85.47523pt too wide) in paragraph at lines 153--153
[]\OT1/cmtt/m/n/12 variable diff : std_logic_vector(operand_width*2-1 downto 0)
:= (others=>'0');[] 
 []


Overfull \hbox (48.42522pt too wide) in paragraph at lines 153--153
[]\OT1/cmtt/m/n/12 -- Hint: Use for loop to calculate value of "diff" and "carr
y" variable[] 
 []


Overfull \hbox (79.30023pt too wide) in paragraph at lines 153--153
[]\OT1/cmtt/m/n/12 borrow(i) := (not(A(i)) and B(i)) or ((not(A(i) xor B(i))) a
nd borrow(i-1));[] 
 []

[2]
Overfull \hbox (36.07521pt too wide) in paragraph at lines 153--153
[]\OT1/cmtt/m/n/12 function rolf(A: in std_logic_vector(operand_width-1 downto 
0); B: in[] 
 []


Overfull \hbox (11.3752pt too wide) in paragraph at lines 153--153
[]\OT1/cmtt/m/n/12 variable shift : std_logic_vector((operand_width*2)-1 downto
 0):=[] 
 []


Overfull \hbox (11.3752pt too wide) in paragraph at lines 153--153
[]\OT1/cmtt/m/n/12 variable temp1 : std_logic_vector((operand_width*2)-1 downto
 0):=[] 
 []


Overfull \hbox (29.9002pt too wide) in paragraph at lines 153--153
[]\OT1/cmtt/m/n/12 function fourXOR(A: in std_logic_vector(operand_width-1 down
to 0);B:[] 
 []


Overfull \hbox (5.2002pt too wide) in paragraph at lines 153--153
[]\OT1/cmtt/m/n/12 variable output : std_logic_vector((operand_width*2)-1 downt
o 0)[] 
 []

[3]
Overfull \hbox (54.60022pt too wide) in paragraph at lines 153--153
[]\OT1/cmtt/m/n/12 function add(A: in std_logic_vector((operand_width*2-1) down
to 0); B: in[] 
 []


Overfull \hbox (5.2002pt too wide) in paragraph at lines 153--153
[]  \OT1/cmtt/m/n/12 variable sum : std_logic_vector((operand_width*2-1) downto
 0);[] 
 []


Overfull \hbox (17.5502pt too wide) in paragraph at lines 153--153
[]  \OT1/cmtt/m/n/12 variable carry : std_logic_vector((operand_width*2-1) down
to 0);[] 
 []


Overfull \hbox (5.2002pt too wide) in paragraph at lines 153--153
[]\OT1/cmtt/m/n/12 carry(i) := (A(i) and B(i)) or ((A(i) xor B(i)) and carry(i-
1));[] 
 []


Overfull \hbox (42.25021pt too wide) in paragraph at lines 153--153
[]\OT1/cmtt/m/n/12 -- complete VHDL code for various outputs of ALU based on se
lect lines[] 
 []

[4]
<Images/ALU_RTLSimulation.png, id=21, 1145.4795pt x 611.28375pt>
File: Images/ALU_RTLSimulation.png Graphic file (type png)
<use Images/ALU_RTLSimulation.png>
Package pdftex.def Info: Images/ALU_RTLSimulation.png  used on input line 161.
(pdftex.def)             Requested size: 400.92383pt x 213.95251pt.

Overfull \hbox (10.92383pt too wide) in paragraph at lines 161--162
 [][] 
 []

[5 <./Images/ALU_RTLSimulation.png>] [6] [7] [8] [9] [10] [11] [12]
(210070009_Exp06.aux) ) 
Here is how much of TeX's memory you used:
 2648 strings out of 478582
 45467 string characters out of 2841004
 337357 words of memory out of 3000000
 20820 multiletter control sequences out of 15000+600000
 472609 words of font info for 40 fonts, out of 8000000 for 9000
 1141 hyphenation exceptions out of 8191
 60i,7n,67p,485b,277s stack positions out of 10000i,1000n,20000p,200000b,80000s
<C:/Users/Annirudh K P/AppData/Local/Programs/MiKTeX/fon
ts/type1/public/amsfonts/cm/cmbx12.pfb><C:/Users/Annirudh K P/AppData/Local/Pro
grams/MiKTeX/fonts/type1/public/amsfonts/cm/cmr12.pfb><C:/Users/Annirudh K P/Ap
pData/Local/Programs/MiKTeX/fonts/type1/public/amsfonts/cm/cmr17.pfb><C:/Users/
Annirudh K P/AppData/Local/Programs/MiKTeX/fonts/type1/public/amsfonts/cm/cmtt1
2.pfb>
Output written on 210070009_Exp06.pdf (12 pages, 387141 bytes).
PDF statistics:
 66 PDF objects out of 1000 (max. 8388607)
 0 named destinations out of 1000 (max. 500000)
 11 words of extra memory for PDF output out of 10000 (max. 10000000)

