This is pdfTeX, Version 3.141592653-2.6-1.40.24 (MiKTeX 22.3) (preloaded format=pdflatex 2022.6.17)  16 AUG 2022 19:48
entering extended mode
 restricted \write18 enabled.
 %&-line parsing enabled.
**./210070009_Exp02.tex
(210070009_Exp02.tex
LaTeX2e <2021-11-15> patch level 1
L3 programming layer <2022-02-24>
(C:\Users\Annirudh K P\AppData\Local\Programs\MiKTeX\tex/latex/base\article.cls
Document Class: article 2021/10/04 v1.4n Standard LaTeX document class
(C:\Users\Annirudh K P\AppData\Local\Programs\MiKTeX\tex/latex/base\size12.clo
File: size12.clo 2021/10/04 v1.4n Standard LaTeX file (size option)
)
\c@part=\count185
\c@section=\count186
\c@subsection=\count187
\c@subsubsection=\count188
\c@paragraph=\count189
\c@subparagraph=\count190
\c@figure=\count191
\c@table=\count192
\abovecaptionskip=\skip47
\belowcaptionskip=\skip48
\bibindent=\dimen138
)
(C:\Users\Annirudh K P\AppData\Local\Programs\MiKTeX\tex/latex/graphics\graphic
x.sty
Package: graphicx 2021/09/16 v1.2d Enhanced LaTeX Graphics (DPC,SPQR)

(C:\Users\Annirudh K P\AppData\Local\Programs\MiKTeX\tex/latex/graphics\keyval.
sty
Package: keyval 2014/10/28 v1.15 key=value parser (DPC)
\KV@toks@=\toks16
)
(C:\Users\Annirudh K P\AppData\Local\Programs\MiKTeX\tex/latex/graphics\graphic
s.sty
Package: graphics 2021/03/04 v1.4d Standard LaTeX Graphics (DPC,SPQR)

(C:\Users\Annirudh K P\AppData\Local\Programs\MiKTeX\tex/latex/graphics\trig.st
y
Package: trig 2021/08/11 v1.11 sin cos tan (DPC)
)
(C:\Users\Annirudh K P\AppData\Local\Programs\MiKTeX\tex/latex/graphics-cfg\gra
phics.cfg
File: graphics.cfg 2016/06/04 v1.11 sample graphics configuration
)
Package graphics Info: Driver file: pdftex.def on input line 107.

(C:\Users\Annirudh K P\AppData\Local\Programs\MiKTeX\tex/latex/graphics-def\pdf
tex.def
File: pdftex.def 2020/10/05 v1.2a Graphics/color driver for pdftex
))
\Gin@req@height=\dimen139
\Gin@req@width=\dimen140
)
(C:\Users\Annirudh K P\AppData\Local\Programs\MiKTeX\tex/latex/float\float.sty
Package: float 2001/11/08 v1.3d Float enhancements (AL)
\c@float@type=\count193
\float@exts=\toks17
\float@box=\box50
\@float@everytoks=\toks18
\@floatcapt=\box51
)
(C:\Users\Annirudh K P\AppData\Local\Programs\MiKTeX\tex/latex/amsmath\amsmath.
sty
Package: amsmath 2021/10/15 v2.17l AMS math features
\@mathmargin=\skip49

For additional information on amsmath, use the `?' option.

(C:\Users\Annirudh K P\AppData\Local\Programs\MiKTeX\tex/latex/amsmath\amstext.
sty
Package: amstext 2021/08/26 v2.01 AMS text

(C:\Users\Annirudh K P\AppData\Local\Programs\MiKTeX\tex/latex/amsmath\amsgen.s
ty
File: amsgen.sty 1999/11/30 v2.0 generic functions
\@emptytoks=\toks19
\ex@=\dimen141
))
(C:\Users\Annirudh K P\AppData\Local\Programs\MiKTeX\tex/latex/amsmath\amsbsy.s
ty
Package: amsbsy 1999/11/29 v1.2d Bold Symbols
\pmbraise@=\dimen142
)
(C:\Users\Annirudh K P\AppData\Local\Programs\MiKTeX\tex/latex/amsmath\amsopn.s
ty
Package: amsopn 2021/08/26 v2.02 operator names
)
\inf@bad=\count194
LaTeX Info: Redefining \frac on input line 234.
\uproot@=\count195
\leftroot@=\count196
LaTeX Info: Redefining \overline on input line 399.
\classnum@=\count197
\DOTSCASE@=\count198
LaTeX Info: Redefining \ldots on input line 496.
LaTeX Info: Redefining \dots on input line 499.
LaTeX Info: Redefining \cdots on input line 620.
\Mathstrutbox@=\box52
\strutbox@=\box53
\big@size=\dimen143
LaTeX Font Info:    Redeclaring font encoding OML on input line 743.
LaTeX Font Info:    Redeclaring font encoding OMS on input line 744.
\macc@depth=\count199
\c@MaxMatrixCols=\count266
\dotsspace@=\muskip16
\c@parentequation=\count267
\dspbrk@lvl=\count268
\tag@help=\toks20
\row@=\count269
\column@=\count270
\maxfields@=\count271
\andhelp@=\toks21
\eqnshift@=\dimen144
\alignsep@=\dimen145
\tagshift@=\dimen146
\tagwidth@=\dimen147
\totwidth@=\dimen148
\lineht@=\dimen149
\@envbody=\toks22
\multlinegap=\skip50
\multlinetaggap=\skip51
\mathdisplay@stack=\toks23
LaTeX Info: Redefining \[ on input line 2938.
LaTeX Info: Redefining \] on input line 2939.
)
(C:\Users\Annirudh K P\AppData\Local\Programs\MiKTeX\tex/latex/l3backend\l3back
end-pdftex.def
File: l3backend-pdftex.def 2022-02-07 L3 backend support: PDF output (pdfTeX)
\l__color_backend_stack_int=\count272
\l__pdf_internal_box=\box54
) (210070009_Exp02.aux)
\openout1 = `210070009_Exp02.aux'.

LaTeX Font Info:    Checking defaults for OML/cmm/m/it on input line 8.
LaTeX Font Info:    ... okay on input line 8.
LaTeX Font Info:    Checking defaults for OMS/cmsy/m/n on input line 8.
LaTeX Font Info:    ... okay on input line 8.
LaTeX Font Info:    Checking defaults for OT1/cmr/m/n on input line 8.
LaTeX Font Info:    ... okay on input line 8.
LaTeX Font Info:    Checking defaults for T1/cmr/m/n on input line 8.
LaTeX Font Info:    ... okay on input line 8.
LaTeX Font Info:    Checking defaults for TS1/cmr/m/n on input line 8.
LaTeX Font Info:    ... okay on input line 8.
LaTeX Font Info:    Checking defaults for OMX/cmex/m/n on input line 8.
LaTeX Font Info:    ... okay on input line 8.
LaTeX Font Info:    Checking defaults for U/cmr/m/n on input line 8.
LaTeX Font Info:    ... okay on input line 8.

(C:\Users\Annirudh K P\AppData\Local\Programs\MiKTeX\tex/context/base/mkii\supp
-pdf.mkii
[Loading MPS to PDF converter (version 2006.09.02).]
\scratchcounter=\count273
\scratchdimen=\dimen150
\scratchbox=\box55
\nofMPsegments=\count274
\nofMParguments=\count275
\everyMPshowfont=\toks24
\MPscratchCnt=\count276
\MPscratchDim=\dimen151
\MPnumerator=\count277
\makeMPintoPDFobject=\count278
\everyMPtoPDFconversion=\toks25
)
(C:\Users\Annirudh K P\AppData\Local\Programs\MiKTeX\tex/latex/epstopdf-pkg\eps
topdf-base.sty
Package: epstopdf-base 2020-01-24 v2.11 Base part for package epstopdf

(C:\Users\Annirudh K P\AppData\Local\Programs\MiKTeX\tex/generic/infwarerr\infw
arerr.sty
Package: infwarerr 2019/12/03 v1.5 Providing info/warning/error messages (HO)
)
(C:\Users\Annirudh K P\AppData\Local\Programs\MiKTeX\tex/latex/grfext\grfext.st
y
Package: grfext 2019/12/03 v1.3 Manage graphics extensions (HO)

(C:\Users\Annirudh K P\AppData\Local\Programs\MiKTeX\tex/generic/kvdefinekeys\k
vdefinekeys.sty
Package: kvdefinekeys 2019-12-19 v1.6 Define keys (HO)
))
(C:\Users\Annirudh K P\AppData\Local\Programs\MiKTeX\tex/latex/kvoptions\kvopti
ons.sty
Package: kvoptions 2020-10-07 v3.14 Key value format for package options (HO)

(C:\Users\Annirudh K P\AppData\Local\Programs\MiKTeX\tex/generic/ltxcmds\ltxcmd
s.sty
Package: ltxcmds 2020-05-10 v1.25 LaTeX kernel commands for general use (HO)
)
(C:\Users\Annirudh K P\AppData\Local\Programs\MiKTeX\tex/generic/kvsetkeys\kvse
tkeys.sty
Package: kvsetkeys 2019/12/15 v1.18 Key value parser (HO)
))
(C:\Users\Annirudh K P\AppData\Local\Programs\MiKTeX\tex/generic/pdftexcmds\pdf
texcmds.sty
Package: pdftexcmds 2020-06-27 v0.33 Utility functions of pdfTeX for LuaTeX (HO
)

(C:\Users\Annirudh K P\AppData\Local\Programs\MiKTeX\tex/generic/iftex\iftex.st
y
Package: iftex 2022/02/03 v1.0f TeX engine tests
)
Package pdftexcmds Info: \pdf@primitive is available.
Package pdftexcmds Info: \pdf@ifprimitive is available.
Package pdftexcmds Info: \pdfdraftmode found.
)
Package epstopdf-base Info: Redefining graphics rule for `.eps' on input line 4
85.
Package grfext Info: Graphics extension search list:
(grfext)             [.pdf,.png,.jpg,.mps,.jpeg,.jbig2,.jb2,.PDF,.PNG,.JPG,.JPE
G,.JBIG2,.JB2,.eps]
(grfext)             \AppendGraphicsExtensions on input line 504.

(C:\Users\Annirudh K P\AppData\Local\Programs\MiKTeX\tex/latex/00miktex\epstopd
f-sys.cfg
File: epstopdf-sys.cfg 2021/03/18 v2.0 Configuration of epstopdf for MiKTeX
))
<Images/4to2TT.png, id=1, 323.40825pt x 445.665pt>
File: Images/4to2TT.png Graphic file (type png)
<use Images/4to2TT.png>
Package pdftex.def Info: Images/4to2TT.png  used on input line 24.
(pdftex.def)             Requested size: 97.02321pt x 133.70053pt.
 [1

{C:/Users/Annirudh K P/AppData/Local/MiKTeX/fonts/map/pdftex/pdftex.map}]
<Images/4to2PriorityTT.png, id=10, 159.59625pt x 470.9595pt>
File: Images/4to2PriorityTT.png Graphic file (type png)
<use Images/4to2PriorityTT.png>
Package pdftex.def Info: Images/4to2PriorityTT.png  used on input line 33.
(pdftex.def)             Requested size: 47.87923pt x 141.28893pt.
<Images/8to3TT.png, id=11, 182.48175pt x 449.2785pt>
File: Images/8to3TT.png Graphic file (type png)
<use Images/8to3TT.png>
Package pdftex.def Info: Images/8to3TT.png  used on input line 42.
(pdftex.def)             Requested size: 54.74493pt x 134.78458pt.
 [2 <./Images/4to2TT.png> <./Images/4to2PriorityTT.png>]
<Images/4to2ENCODER_DESIGN.png, id=17, 1284.8pt x 573.14125pt>
File: Images/4to2ENCODER_DESIGN.png Graphic file (type png)
<use Images/4to2ENCODER_DESIGN.png>
Package pdftex.def Info: Images/4to2ENCODER_DESIGN.png  used on input line 51.
(pdftex.def)             Requested size: 385.44298pt x 171.9437pt.
<Images/PriorityEnc_DESIGN.png, id=18, 1284.8pt x 744.7825pt>
File: Images/PriorityEnc_DESIGN.png Graphic file (type png)
<use Images/PriorityEnc_DESIGN.png>
Package pdftex.def Info: Images/PriorityEnc_DESIGN.png  used on input line 57.
(pdftex.def)             Requested size: 385.44298pt x 223.43648pt.
 [3 <./Images/8to3TT.png> <./Images/4to2ENCODER_DESIGN.png>]
<Images/8to3ENCODER_DESIGN.jpeg, id=23, 1256.695pt x 1284.8pt>
File: Images/8to3ENCODER_DESIGN.jpeg Graphic file (type jpg)
<use Images/8to3ENCODER_DESIGN.jpeg>
Package pdftex.def Info: Images/8to3ENCODER_DESIGN.jpeg  used on input line 63.

(pdftex.def)             Requested size: 377.01141pt x 385.44298pt.
 [4 <./Images/PriorityEnc_DESIGN.png>]
<Images/4to2ENCODER_RTLVIEWER.png, id=27, 888.921pt x 260.172pt>
File: Images/4to2ENCODER_RTLVIEWER.png Graphic file (type png)
<use Images/4to2ENCODER_RTLVIEWER.png>
Package pdftex.def Info: Images/4to2ENCODER_RTLVIEWER.png  used on input line 6
9.
(pdftex.def)             Requested size: 266.67836pt x 78.05219pt.
<Images/PriorityEnc_RTLVIEWER.png, id=28, 901.56825pt x 359.54324pt>
File: Images/PriorityEnc_RTLVIEWER.png Graphic file (type png)
<use Images/PriorityEnc_RTLVIEWER.png>
Package pdftex.def Info: Images/PriorityEnc_RTLVIEWER.png  used on input line 7
5.
(pdftex.def)             Requested size: 270.47256pt x 107.8638pt.
 [5 <./Images/8to3ENCODER_DESIGN.jpeg> <./Images/4to2ENCODER_RTLVIEWER.png>]
<Images/8to3ENCODER_RTLVIEWER.png, id=33, 888.31876pt x 413.74574pt>
File: Images/8to3ENCODER_RTLVIEWER.png Graphic file (type png)
<use Images/8to3ENCODER_RTLVIEWER.png>
Package pdftex.def Info: Images/8to3ENCODER_RTLVIEWER.png  used on input line 8
1.
(pdftex.def)             Requested size: 266.49768pt x 124.12468pt.
 [6 <./Images/PriorityEnc_RTLVIEWER.png> <./Images/8to3ENCODER_RTLVIEWER.png>] 
[7]
Overfull \hbox (42.25021pt too wide) in paragraph at lines 182--182
[]  \OT1/cmtt/m/n/12 ENC1: FourtoTwoEncoder port map (A => Y7, B => Y6, C => Y5
, D => Y4,[] 
 []


Overfull \hbox (42.25021pt too wide) in paragraph at lines 182--182
[]  \OT1/cmtt/m/n/12 ENC2: FourtoTwoEncoder port map (A => Y3, B => Y2, C => Y1
, D => Y0,[] 
 []


Overfull \hbox (42.25021pt too wide) in paragraph at lines 182--182
[]  \OT1/cmtt/m/n/12 ENC3: FourtoTwoEncoder port map (A => Y4, B => Y4, C => Y4
, D => Y4,[] 
 []

[8]
<Images/4to2ENCODER_RTLSIMULATION.png, id=47, 472.76625pt x 354.123pt>
File: Images/4to2ENCODER_RTLSIMULATION.png Graphic file (type png)
<use Images/4to2ENCODER_RTLSIMULATION.png>
Package pdftex.def Info: Images/4to2ENCODER_RTLSIMULATION.png  used on input li
ne 190.
(pdftex.def)             Requested size: 212.74284pt x 159.35387pt.
<Images/PriorityEnc_RTLSIMULATION.png, id=48, 465.53925pt x 354.72525pt>
File: Images/PriorityEnc_RTLSIMULATION.png Graphic file (type png)
<use Images/PriorityEnc_RTLSIMULATION.png>
Package pdftex.def Info: Images/PriorityEnc_RTLSIMULATION.png  used on input li
ne 196.
(pdftex.def)             Requested size: 209.49072pt x 159.62488pt.
 [9 <./Images/4to2ENCODER_RTLSIMULATION.png>]
<Images/8to3ENCODER_RTLSIMULATION.png, id=53, 464.937pt x 357.7365pt>
File: Images/8to3ENCODER_RTLSIMULATION.png Graphic file (type png)
<use Images/8to3ENCODER_RTLSIMULATION.png>
Package pdftex.def Info: Images/8to3ENCODER_RTLSIMULATION.png  used on input li
ne 202.
(pdftex.def)             Requested size: 209.21971pt x 160.97992pt.
 [10 <./Images/PriorityEnc_RTLSIMULATION.png> <./Images/8to3ENCODER_RTLSIMULATI
ON.png>] (210070009_Exp02.aux) ) 
Here is how much of TeX's memory you used:
 2719 strings out of 478582
 47769 string characters out of 2841004
 340400 words of memory out of 3000000
 20880 multiletter control sequences out of 15000+600000
 472609 words of font info for 40 fonts, out of 8000000 for 9000
 1141 hyphenation exceptions out of 8191
 60i,7n,67p,541b,273s stack positions out of 10000i,1000n,20000p,200000b,80000s
<C:/Users/Annirudh K P/AppData/Local/Programs/M
iKTeX/fonts/type1/public/amsfonts/cm/cmbx12.pfb><C:/Users/Annirudh K P/AppData/
Local/Programs/MiKTeX/fonts/type1/public/amsfonts/cm/cmr12.pfb><C:/Users/Anniru
dh K P/AppData/Local/Programs/MiKTeX/fonts/type1/public/amsfonts/cm/cmr17.pfb><
C:/Users/Annirudh K P/AppData/Local/Programs/MiKTeX/fonts/type1/public/amsfonts
/cm/cmtt12.pfb>
Output written on 210070009_Exp02.pdf (10 pages, 448974 bytes).
PDF statistics:
 77 PDF objects out of 1000 (max. 8388607)
 0 named destinations out of 1000 (max. 500000)
 61 words of extra memory for PDF output out of 10000 (max. 10000000)

