This is pdfTeX, Version 3.141592653-2.6-1.40.24 (MiKTeX 22.3) (preloaded format=pdflatex 2022.6.17)  31 AUG 2022 13:58
entering extended mode
 restricted \write18 enabled.
 %&-line parsing enabled.
**./210070009_Exp01.tex
(210070009_Exp01.tex
LaTeX2e <2021-11-15> patch level 1
L3 programming layer <2022-02-24>
(C:\Users\Annirudh K P\AppData\Local\Programs\MiKTeX\tex/latex/base\article.cls
Document Class: article 2021/10/04 v1.4n Standard LaTeX document class
(C:\Users\Annirudh K P\AppData\Local\Programs\MiKTeX\tex/latex/base\size12.clo
File: size12.clo 2021/10/04 v1.4n Standard LaTeX file (size option)
)
\c@part=\count185
\c@section=\count186
\c@subsection=\count187
\c@subsubsection=\count188
\c@paragraph=\count189
\c@subparagraph=\count190
\c@figure=\count191
\c@table=\count192
\abovecaptionskip=\skip47
\belowcaptionskip=\skip48
\bibindent=\dimen138
)
(C:\Users\Annirudh K P\AppData\Local\Programs\MiKTeX\tex/latex/graphics\graphic
x.sty
Package: graphicx 2021/09/16 v1.2d Enhanced LaTeX Graphics (DPC,SPQR)

(C:\Users\Annirudh K P\AppData\Local\Programs\MiKTeX\tex/latex/graphics\keyval.
sty
Package: keyval 2014/10/28 v1.15 key=value parser (DPC)
\KV@toks@=\toks16
)
(C:\Users\Annirudh K P\AppData\Local\Programs\MiKTeX\tex/latex/graphics\graphic
s.sty
Package: graphics 2021/03/04 v1.4d Standard LaTeX Graphics (DPC,SPQR)

(C:\Users\Annirudh K P\AppData\Local\Programs\MiKTeX\tex/latex/graphics\trig.st
y
Package: trig 2021/08/11 v1.11 sin cos tan (DPC)
)
(C:\Users\Annirudh K P\AppData\Local\Programs\MiKTeX\tex/latex/graphics-cfg\gra
phics.cfg
File: graphics.cfg 2016/06/04 v1.11 sample graphics configuration
)
Package graphics Info: Driver file: pdftex.def on input line 107.

(C:\Users\Annirudh K P\AppData\Local\Programs\MiKTeX\tex/latex/graphics-def\pdf
tex.def
File: pdftex.def 2020/10/05 v1.2a Graphics/color driver for pdftex
))
\Gin@req@height=\dimen139
\Gin@req@width=\dimen140
)
(C:\Users\Annirudh K P\AppData\Local\Programs\MiKTeX\tex/latex/l3backend\l3back
end-pdftex.def
File: l3backend-pdftex.def 2022-02-07 L3 backend support: PDF output (pdfTeX)
\l__color_backend_stack_int=\count193
\l__pdf_internal_box=\box50
) (210070009_Exp01.aux)
\openout1 = `210070009_Exp01.aux'.

LaTeX Font Info:    Checking defaults for OML/cmm/m/it on input line 6.
LaTeX Font Info:    ... okay on input line 6.
LaTeX Font Info:    Checking defaults for OMS/cmsy/m/n on input line 6.
LaTeX Font Info:    ... okay on input line 6.
LaTeX Font Info:    Checking defaults for OT1/cmr/m/n on input line 6.
LaTeX Font Info:    ... okay on input line 6.
LaTeX Font Info:    Checking defaults for T1/cmr/m/n on input line 6.
LaTeX Font Info:    ... okay on input line 6.
LaTeX Font Info:    Checking defaults for TS1/cmr/m/n on input line 6.
LaTeX Font Info:    ... okay on input line 6.
LaTeX Font Info:    Checking defaults for OMX/cmex/m/n on input line 6.
LaTeX Font Info:    ... okay on input line 6.
LaTeX Font Info:    Checking defaults for U/cmr/m/n on input line 6.
LaTeX Font Info:    ... okay on input line 6.

(C:\Users\Annirudh K P\AppData\Local\Programs\MiKTeX\tex/context/base/mkii\supp
-pdf.mkii
[Loading MPS to PDF converter (version 2006.09.02).]
\scratchcounter=\count194
\scratchdimen=\dimen141
\scratchbox=\box51
\nofMPsegments=\count195
\nofMParguments=\count196
\everyMPshowfont=\toks17
\MPscratchCnt=\count197
\MPscratchDim=\dimen142
\MPnumerator=\count198
\makeMPintoPDFobject=\count199
\everyMPtoPDFconversion=\toks18
)
(C:\Users\Annirudh K P\AppData\Local\Programs\MiKTeX\tex/latex/epstopdf-pkg\eps
topdf-base.sty
Package: epstopdf-base 2020-01-24 v2.11 Base part for package epstopdf
Package epstopdf-base Info: Redefining graphics rule for `.eps' on input line 4
85.

(C:\Users\Annirudh K P\AppData\Local\Programs\MiKTeX\tex/latex/00miktex\epstopd
f-sys.cfg
File: epstopdf-sys.cfg 2021/03/18 v2.0 Configuration of epstopdf for MiKTeX
))
LaTeX Font Info:    External font `cmex10' loaded for size
(Font)              <14.4> on input line 8.
LaTeX Font Info:    External font `cmex10' loaded for size
(Font)              <7> on input line 8.
LaTeX Font Info:    External font `cmex10' loaded for size
(Font)              <12> on input line 22.
LaTeX Font Info:    External font `cmex10' loaded for size
(Font)              <8> on input line 22.
LaTeX Font Info:    External font `cmex10' loaded for size
(Font)              <6> on input line 22.
 [1

{C:/Users/Annirudh K P/AppData/Local/MiKTeX/fonts/map/pdftex/pdftex.map}]
<images/XOR_DESIGN.jpeg, id=8, 1284.8pt x 668.4975pt>
File: images/XOR_DESIGN.jpeg Graphic file (type jpg)
<use images/XOR_DESIGN.jpeg>
Package pdftex.def Info: images/XOR_DESIGN.jpeg  used on input line 68.
(pdftex.def)             Requested size: 385.44298pt x 200.5508pt.


LaTeX Warning: `h' float specifier changed to `ht'.

<images/FULLADDER_DESIGN.jpeg, id=9, 1284.8pt x 1012.78375pt>
File: images/FULLADDER_DESIGN.jpeg Graphic file (type jpg)
<use images/FULLADDER_DESIGN.jpeg>
Package pdftex.def Info: images/FULLADDER_DESIGN.jpeg  used on input line 76.
(pdftex.def)             Requested size: 385.44298pt x 303.83746pt.

LaTeX Warning: `h' float specifier changed to `ht'.

[2] [3 <./images/XOR_DESIGN.jpeg>] [4 <./images/FULLADDER_DESIGN.jpeg>]
[5]
Overfull \hbox (11.3752pt too wide) in paragraph at lines 187--187
[]\OT1/cmtt/m/n/12 HA_1: HALF_ADDER1 port map (A => A, B => B, SUM => S1, C0 =>
 C1);[] 
 []


Overfull \hbox (29.9002pt too wide) in paragraph at lines 187--187
[]\OT1/cmtt/m/n/12 HA_2: HALF_ADDER1 port map (A => CI, B => S1, SUM => SUM, C0
 => C2);[] 
 []

<images/XOR_RTL_WAVEFORM.png, id=23, 1148.49075pt x 609.477pt>
File: images/XOR_RTL_WAVEFORM.png Graphic file (type png)
<use images/XOR_RTL_WAVEFORM.png>
Package pdftex.def Info: images/XOR_RTL_WAVEFORM.png  used on input line 196.
(pdftex.def)             Requested size: 459.38817pt x 243.78648pt.

Overfull \hbox (69.38817pt too wide) in paragraph at lines 196--198
[][] 
 []


LaTeX Warning: `h' float specifier changed to `ht'.

<images/FULLADDER_RTL_WAVEFORM.png, id=25, 1150.2975pt x 647.41875pt>
File: images/FULLADDER_RTL_WAVEFORM.png Graphic file (type png)
<use images/FULLADDER_RTL_WAVEFORM.png>
Package pdftex.def Info: images/FULLADDER_RTL_WAVEFORM.png  used on input line 
206.
(pdftex.def)             Requested size: 460.11086pt x 258.9629pt.

Overfull \hbox (70.11086pt too wide) in paragraph at lines 206--208
 [][] 
 []


LaTeX Warning: `h' float specifier changed to `ht'.

[6] [7 <./images/XOR_RTL_WAVEFORM.png>] [8 <./images/FULLADDER_RTL_WAVEFORM.png
>] (210070009_Exp01.aux) ) 
Here is how much of TeX's memory you used:
 1318 strings out of 478582
 22976 string characters out of 2841004
 320832 words of memory out of 3000000
 19534 multiletter control sequences out of 15000+600000
 474596 words of font info for 46 fonts, out of 8000000 for 9000
 1141 hyphenation exceptions out of 8191
 55i,8n,62p,622b,274s stack positions out of 10000i,1000n,20000p,200000b,80000s
<C:/Users/Annirudh K P/AppData/Local/Programs/MiKTeX/
fonts/type1/public/amsfonts/cm/cmbx12.pfb><C:/Users/Annirudh K P/AppData/Local/
Programs/MiKTeX/fonts/type1/public/amsfonts/cm/cmr12.pfb><C:/Users/Annirudh K P
/AppData/Local/Programs/MiKTeX/fonts/type1/public/amsfonts/cm/cmr17.pfb><C:/Use
rs/Annirudh K P/AppData/Local/Programs/MiKTeX/fonts/type1/public/amsfonts/cm/cm
tt12.pfb>
Output written on 210070009_Exp01.pdf (8 pages, 760534 bytes).
PDF statistics:
 56 PDF objects out of 1000 (max. 8388607)
 0 named destinations out of 1000 (max. 500000)
 21 words of extra memory for PDF output out of 10000 (max. 10000000)

